This is pdfTeX, Version 3.141592653-2.6-1.40.24 (TeX Live 2022) (preloaded format=pdflatex 2022.4.19)  24 MAY 2022 12:27
entering extended mode
 restricted \write18 enabled.
 %&-line parsing enabled.
**report.tex
(./report.tex
LaTeX2e <2021-11-15> patch level 1
L3 programming layer <2022-02-24> (/usr/local/texlive/2022/texmf-dist/tex/latex
/base/article.cls
Document Class: article 2021/10/04 v1.4n Standard LaTeX document class
(/usr/local/texlive/2022/texmf-dist/tex/latex/base/size10.clo
File: size10.clo 2021/10/04 v1.4n Standard LaTeX file (size option)
)
\c@part=\count185
\c@section=\count186
\c@subsection=\count187
\c@subsubsection=\count188
\c@paragraph=\count189
\c@subparagraph=\count190
\c@figure=\count191
\c@table=\count192
\abovecaptionskip=\skip47
\belowcaptionskip=\skip48
\bibindent=\dimen138
) (/usr/local/texlive/2022/texmf-dist/tex/latex/amsmath/amsmath.sty
Package: amsmath 2021/10/15 v2.17l AMS math features
\@mathmargin=\skip49
For additional information on amsmath, use the `?' option.
(/usr/local/texlive/2022/texmf-dist/tex/latex/amsmath/amstext.sty
Package: amstext 2021/08/26 v2.01 AMS text
(/usr/local/texlive/2022/texmf-dist/tex/latex/amsmath/amsgen.sty
File: amsgen.sty 1999/11/30 v2.0 generic functions
\@emptytoks=\toks16
\ex@=\dimen139
)) (/usr/local/texlive/2022/texmf-dist/tex/latex/amsmath/amsbsy.sty
Package: amsbsy 1999/11/29 v1.2d Bold Symbols
\pmbraise@=\dimen140
) (/usr/local/texlive/2022/texmf-dist/tex/latex/amsmath/amsopn.sty
Package: amsopn 2021/08/26 v2.02 operator names
)
\inf@bad=\count193
LaTeX Info: Redefining \frac on input line 234.
\uproot@=\count194
\leftroot@=\count195
LaTeX Info: Redefining \overline on input line 399.
\classnum@=\count196
\DOTSCASE@=\count197
LaTeX Info: Redefining \ldots on input line 496.
LaTeX Info: Redefining \dots on input line 499.
LaTeX Info: Redefining \cdots on input line 620.
\Mathstrutbox@=\box50
\strutbox@=\box51
\big@size=\dimen141
LaTeX Font Info:    Redeclaring font encoding OML on input line 743.
LaTeX Font Info:    Redeclaring font encoding OMS on input line 744.
\macc@depth=\count198
\c@MaxMatrixCols=\count199
\dotsspace@=\muskip16
\c@parentequation=\count266
\dspbrk@lvl=\count267
\tag@help=\toks17
\row@=\count268
\column@=\count269
\maxfields@=\count270
\andhelp@=\toks18
\eqnshift@=\dimen142
\alignsep@=\dimen143
\tagshift@=\dimen144
\tagwidth@=\dimen145
\totwidth@=\dimen146
\lineht@=\dimen147
\@envbody=\toks19
\multlinegap=\skip50
\multlinetaggap=\skip51
\mathdisplay@stack=\toks20
LaTeX Info: Redefining \[ on input line 2938.
LaTeX Info: Redefining \] on input line 2939.
) (/usr/local/texlive/2022/texmf-dist/tex/latex/amsfonts/amssymb.sty
Package: amssymb 2013/01/14 v3.01 AMS font symbols
(/usr/local/texlive/2022/texmf-dist/tex/latex/amsfonts/amsfonts.sty
Package: amsfonts 2013/01/14 v3.01 Basic AMSFonts support
\symAMSa=\mathgroup4
\symAMSb=\mathgroup5
LaTeX Font Info:    Redeclaring math symbol \hbar on input line 98.
LaTeX Font Info:    Overwriting math alphabet `\mathfrak' in version `bold'
(Font)                  U/euf/m/n --> U/euf/b/n on input line 106.
)) (/usr/local/texlive/2022/texmf-dist/tex/latex/lm/lmodern.sty
Package: lmodern 2015/05/01 v1.6.1 Latin Modern Fonts
LaTeX Font Info:    Overwriting symbol font `operators' in version `normal'
(Font)                  OT1/cmr/m/n --> OT1/lmr/m/n on input line 22.
LaTeX Font Info:    Overwriting symbol font `letters' in version `normal'
(Font)                  OML/cmm/m/it --> OML/lmm/m/it on input line 23.
LaTeX Font Info:    Overwriting symbol font `symbols' in version `normal'
(Font)                  OMS/cmsy/m/n --> OMS/lmsy/m/n on input line 24.
LaTeX Font Info:    Overwriting symbol font `largesymbols' in version `normal'
(Font)                  OMX/cmex/m/n --> OMX/lmex/m/n on input line 25.
LaTeX Font Info:    Overwriting symbol font `operators' in version `bold'
(Font)                  OT1/cmr/bx/n --> OT1/lmr/bx/n on input line 26.
LaTeX Font Info:    Overwriting symbol font `letters' in version `bold'
(Font)                  OML/cmm/b/it --> OML/lmm/b/it on input line 27.
LaTeX Font Info:    Overwriting symbol font `symbols' in version `bold'
(Font)                  OMS/cmsy/b/n --> OMS/lmsy/b/n on input line 28.
LaTeX Font Info:    Overwriting symbol font `largesymbols' in version `bold'
(Font)                  OMX/cmex/m/n --> OMX/lmex/m/n on input line 29.
LaTeX Font Info:    Overwriting math alphabet `\mathbf' in version `normal'
(Font)                  OT1/cmr/bx/n --> OT1/lmr/bx/n on input line 31.
LaTeX Font Info:    Overwriting math alphabet `\mathsf' in version `normal'
(Font)                  OT1/cmss/m/n --> OT1/lmss/m/n on input line 32.
LaTeX Font Info:    Overwriting math alphabet `\mathit' in version `normal'
(Font)                  OT1/cmr/m/it --> OT1/lmr/m/it on input line 33.
LaTeX Font Info:    Overwriting math alphabet `\mathtt' in version `normal'
(Font)                  OT1/cmtt/m/n --> OT1/lmtt/m/n on input line 34.
LaTeX Font Info:    Overwriting math alphabet `\mathbf' in version `bold'
(Font)                  OT1/cmr/bx/n --> OT1/lmr/bx/n on input line 35.
LaTeX Font Info:    Overwriting math alphabet `\mathsf' in version `bold'
(Font)                  OT1/cmss/bx/n --> OT1/lmss/bx/n on input line 36.
LaTeX Font Info:    Overwriting math alphabet `\mathit' in version `bold'
(Font)                  OT1/cmr/bx/it --> OT1/lmr/bx/it on input line 37.
LaTeX Font Info:    Overwriting math alphabet `\mathtt' in version `bold'
(Font)                  OT1/cmtt/m/n --> OT1/lmtt/m/n on input line 38.
) (/usr/local/texlive/2022/texmf-dist/tex/generic/iftex/iftex.sty
Package: iftex 2022/02/03 v1.0f TeX engine tests
) (/usr/local/texlive/2022/texmf-dist/tex/latex/base/fontenc.sty
Package: fontenc 2021/04/29 v2.0v Standard LaTeX package
LaTeX Font Info:    Trying to load font information for T1+lmr on input line 11
2.
(/usr/local/texlive/2022/texmf-dist/tex/latex/lm/t1lmr.fd
File: t1lmr.fd 2015/05/01 v1.6.1 Font defs for Latin Modern
)) (/usr/local/texlive/2022/texmf-dist/tex/latex/base/inputenc.sty
Package: inputenc 2021/02/14 v1.3d Input encoding file
\inpenc@prehook=\toks21
\inpenc@posthook=\toks22
) (/usr/local/texlive/2022/texmf-dist/tex/latex/base/textcomp.sty
Package: textcomp 2020/02/02 v2.0n Standard LaTeX package
) (/usr/local/texlive/2022/texmf-dist/tex/latex/upquote/upquote.sty
Package: upquote 2012/04/19 v1.3 upright-quote and grave-accent glyphs in verba
tim
) (/usr/local/texlive/2022/texmf-dist/tex/latex/microtype/microtype.sty
Package: microtype 2022/03/14 v3.0d Micro-typographical refinements (RS)
(/usr/local/texlive/2022/texmf-dist/tex/latex/graphics/keyval.sty
Package: keyval 2014/10/28 v1.15 key=value parser (DPC)
\KV@toks@=\toks23
) (/usr/local/texlive/2022/texmf-dist/tex/latex/etoolbox/etoolbox.sty
Package: etoolbox 2020/10/05 v2.5k e-TeX tools for LaTeX (JAW)
\etb@tempcnta=\count271
)
\MT@toks=\toks24
\MT@tempbox=\box52
\MT@count=\count272
LaTeX Info: Redefining \noprotrusionifhmode on input line 1027.
LaTeX Info: Redefining \leftprotrusion on input line 1028.
LaTeX Info: Redefining \rightprotrusion on input line 1036.
LaTeX Info: Redefining \textls on input line 1195.
\MT@outer@kern=\dimen148
LaTeX Info: Redefining \textmicrotypecontext on input line 1781.
\MT@listname@count=\count273
(/usr/local/texlive/2022/texmf-dist/tex/latex/microtype/microtype-pdftex.def
File: microtype-pdftex.def 2022/03/14 v3.0d Definitions specific to pdftex (RS)

LaTeX Info: Redefining \lsstyle on input line 900.
LaTeX Info: Redefining \lslig on input line 900.
\MT@outer@space=\skip52
)
Package microtype Info: Loading configuration file microtype.cfg.
(/usr/local/texlive/2022/texmf-dist/tex/latex/microtype/microtype.cfg
File: microtype.cfg 2022/03/14 v3.0d microtype main configuration file (RS)
)) (/usr/local/texlive/2022/texmf-dist/tex/latex/parskip/parskip.sty
Package: parskip 2021-03-14 v2.0h non-zero parskip adjustments
(/usr/local/texlive/2022/texmf-dist/tex/latex/kvoptions/kvoptions.sty
Package: kvoptions 2020-10-07 v3.14 Key value format for package options (HO)
(/usr/local/texlive/2022/texmf-dist/tex/generic/ltxcmds/ltxcmds.sty
Package: ltxcmds 2020-05-10 v1.25 LaTeX kernel commands for general use (HO)
) (/usr/local/texlive/2022/texmf-dist/tex/generic/kvsetkeys/kvsetkeys.sty
Package: kvsetkeys 2019/12/15 v1.18 Key value parser (HO)
))) (/usr/local/texlive/2022/texmf-dist/tex/latex/xcolor/xcolor.sty
Package: xcolor 2021/10/31 v2.13 LaTeX color extensions (UK)
(/usr/local/texlive/2022/texmf-dist/tex/latex/graphics-cfg/color.cfg
File: color.cfg 2016/01/02 v1.6 sample color configuration
)
Package xcolor Info: Driver file: pdftex.def on input line 227.
(/usr/local/texlive/2022/texmf-dist/tex/latex/graphics-def/pdftex.def
File: pdftex.def 2020/10/05 v1.2a Graphics/color driver for pdftex
)
Package xcolor Info: Model `cmy' substituted by `cmy0' on input line 1352.
Package xcolor Info: Model `hsb' substituted by `rgb' on input line 1356.
Package xcolor Info: Model `RGB' extended on input line 1368.
Package xcolor Info: Model `HTML' substituted by `rgb' on input line 1370.
Package xcolor Info: Model `Hsb' substituted by `hsb' on input line 1371.
Package xcolor Info: Model `tHsb' substituted by `hsb' on input line 1372.
Package xcolor Info: Model `HSB' substituted by `hsb' on input line 1373.
Package xcolor Info: Model `Gray' substituted by `gray' on input line 1374.
Package xcolor Info: Model `wave' substituted by `hsb' on input line 1375.
) (/usr/local/texlive/2022/texmf-dist/tex/latex/xurl/xurl.sty
Package: xurl 2022/01/09 v 0.10 modify URL breaks
(/usr/local/texlive/2022/texmf-dist/tex/latex/url/url.sty
\Urlmuskip=\muskip17
Package: url 2013/09/16  ver 3.4  Verb mode for urls, etc.
)) (/usr/local/texlive/2022/texmf-dist/tex/latex/bookmark/bookmark.sty
Package: bookmark 2020-11-06 v1.29 PDF bookmarks (HO)
(/usr/local/texlive/2022/texmf-dist/tex/latex/hyperref/hyperref.sty
Package: hyperref 2022-02-21 v7.00n Hypertext links for LaTeX
(/usr/local/texlive/2022/texmf-dist/tex/generic/pdftexcmds/pdftexcmds.sty
Package: pdftexcmds 2020-06-27 v0.33 Utility functions of pdfTeX for LuaTeX (HO
)
(/usr/local/texlive/2022/texmf-dist/tex/generic/infwarerr/infwarerr.sty
Package: infwarerr 2019/12/03 v1.5 Providing info/warning/error messages (HO)
)
Package pdftexcmds Info: \pdf@primitive is available.
Package pdftexcmds Info: \pdf@ifprimitive is available.
Package pdftexcmds Info: \pdfdraftmode found.
) (/usr/local/texlive/2022/texmf-dist/tex/generic/kvdefinekeys/kvdefinekeys.sty
Package: kvdefinekeys 2019-12-19 v1.6 Define keys (HO)
) (/usr/local/texlive/2022/texmf-dist/tex/generic/pdfescape/pdfescape.sty
Package: pdfescape 2019/12/09 v1.15 Implements pdfTeX's escape features (HO)
) (/usr/local/texlive/2022/texmf-dist/tex/latex/hycolor/hycolor.sty
Package: hycolor 2020-01-27 v1.10 Color options for hyperref/bookmark (HO)
) (/usr/local/texlive/2022/texmf-dist/tex/latex/letltxmacro/letltxmacro.sty
Package: letltxmacro 2019/12/03 v1.6 Let assignment for LaTeX macros (HO)
) (/usr/local/texlive/2022/texmf-dist/tex/latex/auxhook/auxhook.sty
Package: auxhook 2019-12-17 v1.6 Hooks for auxiliary files (HO)
)
\@linkdim=\dimen149
\Hy@linkcounter=\count274
\Hy@pagecounter=\count275
(/usr/local/texlive/2022/texmf-dist/tex/latex/hyperref/pd1enc.def
File: pd1enc.def 2022-02-21 v7.00n Hyperref: PDFDocEncoding definition (HO)
Now handling font encoding PD1 ...
... no UTF-8 mapping file for font encoding PD1
) (/usr/local/texlive/2022/texmf-dist/tex/generic/intcalc/intcalc.sty
Package: intcalc 2019/12/15 v1.3 Expandable calculations with integers (HO)
) (/usr/local/texlive/2022/texmf-dist/tex/generic/etexcmds/etexcmds.sty
Package: etexcmds 2019/12/15 v1.7 Avoid name clashes with e-TeX commands (HO)
)
\Hy@SavedSpaceFactor=\count276
(/usr/local/texlive/2022/texmf-dist/tex/latex/hyperref/puenc.def
File: puenc.def 2022-02-21 v7.00n Hyperref: PDF Unicode definition (HO)
Now handling font encoding PU ...
... no UTF-8 mapping file for font encoding PU
)
Package hyperref Info: Option `unicode' set `true' on input line 4018.
Package hyperref Info: Hyper figures OFF on input line 4137.
Package hyperref Info: Link nesting OFF on input line 4142.
Package hyperref Info: Hyper index ON on input line 4145.
Package hyperref Info: Plain pages OFF on input line 4152.
Package hyperref Info: Backreferencing OFF on input line 4157.
Package hyperref Info: Implicit mode ON; LaTeX internals redefined.
Package hyperref Info: Bookmarks ON on input line 4390.
\c@Hy@tempcnt=\count277
LaTeX Info: Redefining \url on input line 4749.
\XeTeXLinkMargin=\dimen150
(/usr/local/texlive/2022/texmf-dist/tex/generic/bitset/bitset.sty
Package: bitset 2019/12/09 v1.3 Handle bit-vector datatype (HO)
(/usr/local/texlive/2022/texmf-dist/tex/generic/bigintcalc/bigintcalc.sty
Package: bigintcalc 2019/12/15 v1.5 Expandable calculations on big integers (HO
)
))
\Fld@menulength=\count278
\Field@Width=\dimen151
\Fld@charsize=\dimen152
Package hyperref Info: Hyper figures OFF on input line 6027.
Package hyperref Info: Link nesting OFF on input line 6032.
Package hyperref Info: Hyper index ON on input line 6035.
Package hyperref Info: backreferencing OFF on input line 6042.
Package hyperref Info: Link coloring OFF on input line 6047.
Package hyperref Info: Link coloring with OCG OFF on input line 6052.
Package hyperref Info: PDF/A mode OFF on input line 6057.
LaTeX Info: Redefining \ref on input line 6097.
LaTeX Info: Redefining \pageref on input line 6101.
(/usr/local/texlive/2022/texmf-dist/tex/latex/base/atbegshi-ltx.sty
Package: atbegshi-ltx 2021/01/10 v1.0c Emulation of the original atbegshi
package with kernel methods
)
\Hy@abspage=\count279
\c@Item=\count280
\c@Hfootnote=\count281
)
Package hyperref Info: Driver (autodetected): hpdftex.
(/usr/local/texlive/2022/texmf-dist/tex/latex/hyperref/hpdftex.def
File: hpdftex.def 2022-02-21 v7.00n Hyperref driver for pdfTeX
(/usr/local/texlive/2022/texmf-dist/tex/latex/base/atveryend-ltx.sty
Package: atveryend-ltx 2020/08/19 v1.0a Emulation of the original atveryend pac
kage
with kernel methods
)
\Fld@listcount=\count282
\c@bookmark@seq@number=\count283

(/usr/local/texlive/2022/texmf-dist/tex/latex/rerunfilecheck/rerunfilecheck.sty
Package: rerunfilecheck 2019/12/05 v1.9 Rerun checks for auxiliary files (HO)

(/usr/local/texlive/2022/texmf-dist/tex/generic/uniquecounter/uniquecounter.sty
Package: uniquecounter 2019/12/15 v1.4 Provide unlimited unique counter (HO)
)
Package uniquecounter Info: New unique counter `rerunfilecheck' on input line 2
86.
)
\Hy@SectionHShift=\skip53
) (/usr/local/texlive/2022/texmf-dist/tex/latex/bookmark/bkm-pdftex.def
File: bkm-pdftex.def 2020-11-06 v1.29 bookmark driver for pdfTeX (HO)
\BKM@id=\count284
)) (/usr/local/texlive/2022/texmf-dist/tex/latex/geometry/geometry.sty
Package: geometry 2020/01/02 v5.9 Page Geometry
(/usr/local/texlive/2022/texmf-dist/tex/generic/iftex/ifvtex.sty
Package: ifvtex 2019/10/25 v1.7 ifvtex legacy package. Use iftex instead.
)
\Gm@cnth=\count285
\Gm@cntv=\count286
\c@Gm@tempcnt=\count287
\Gm@bindingoffset=\dimen153
\Gm@wd@mp=\dimen154
\Gm@odd@mp=\dimen155
\Gm@even@mp=\dimen156
\Gm@layoutwidth=\dimen157
\Gm@layoutheight=\dimen158
\Gm@layouthoffset=\dimen159
\Gm@layoutvoffset=\dimen160
\Gm@dimlist=\toks25
) (/usr/local/texlive/2022/texmf-dist/tex/latex/fancyvrb/fancyvrb.sty
Package: fancyvrb 2021/12/21 4.1b verbatim text (tvz,hv)
\FV@CodeLineNo=\count288
\FV@InFile=\read2
\FV@TabBox=\box53
\c@FancyVerbLine=\count289
\FV@StepNumber=\count290
\FV@OutFile=\write3
) (/usr/local/texlive/2022/texmf-dist/tex/latex/framed/framed.sty
Package: framed 2011/10/22 v 0.96: framed or shaded text with page breaks
\OuterFrameSep=\skip54
\fb@frw=\dimen161
\fb@frh=\dimen162
\FrameRule=\dimen163
\FrameSep=\dimen164
) (/usr/local/texlive/2022/texmf-dist/tex/latex/graphics/graphicx.sty
Package: graphicx 2021/09/16 v1.2d Enhanced LaTeX Graphics (DPC,SPQR)
(/usr/local/texlive/2022/texmf-dist/tex/latex/graphics/graphics.sty
Package: graphics 2021/03/04 v1.4d Standard LaTeX Graphics (DPC,SPQR)
(/usr/local/texlive/2022/texmf-dist/tex/latex/graphics/trig.sty
Package: trig 2021/08/11 v1.11 sin cos tan (DPC)
) (/usr/local/texlive/2022/texmf-dist/tex/latex/graphics-cfg/graphics.cfg
File: graphics.cfg 2016/06/04 v1.11 sample graphics configuration
)
Package graphics Info: Driver file: pdftex.def on input line 107.
)
\Gin@req@height=\dimen165
\Gin@req@width=\dimen166
) (/usr/local/texlive/2022/texmf-dist/tex/latex/booktabs/booktabs.sty
Package: booktabs 2020/01/12 v1.61803398 Publication quality tables
\heavyrulewidth=\dimen167
\lightrulewidth=\dimen168
\cmidrulewidth=\dimen169
\belowrulesep=\dimen170
\belowbottomsep=\dimen171
\aboverulesep=\dimen172
\abovetopsep=\dimen173
\cmidrulesep=\dimen174
\cmidrulekern=\dimen175
\defaultaddspace=\dimen176
\@cmidla=\count291
\@cmidlb=\count292
\@aboverulesep=\dimen177
\@belowrulesep=\dimen178
\@thisruleclass=\count293
\@lastruleclass=\count294
\@thisrulewidth=\dimen179
) (/usr/local/texlive/2022/texmf-dist/tex/latex/tools/longtable.sty
Package: longtable 2021-09-01 v4.17 Multi-page Table package (DPC)
\LTleft=\skip55
\LTright=\skip56
\LTpre=\skip57
\LTpost=\skip58
\LTchunksize=\count295
\LTcapwidth=\dimen180
\LT@head=\box54
\LT@firsthead=\box55
\LT@foot=\box56
\LT@lastfoot=\box57
\LT@gbox=\box58
\LT@cols=\count296
\LT@rows=\count297
\c@LT@tables=\count298
\c@LT@chunks=\count299
\LT@p@ftn=\toks26
) (/usr/local/texlive/2022/texmf-dist/tex/latex/tools/array.sty
Package: array 2021/10/04 v2.5f Tabular extension package (FMi)
\col@sep=\dimen181
\ar@mcellbox=\box59
\extrarowheight=\dimen182
\NC@list=\toks27
\extratabsurround=\skip59
\backup@length=\skip60
\ar@cellbox=\box60
) (/usr/local/texlive/2022/texmf-dist/tex/latex/multirow/multirow.sty
Package: multirow 2021/03/15 v2.8 Span multiple rows of a table
\multirow@colwidth=\skip61
\multirow@cntb=\count300
\multirow@dima=\skip62
\bigstrutjot=\dimen183
) (/usr/local/texlive/2022/texmf-dist/tex/latex/wrapfig/wrapfig.sty
\wrapoverhang=\dimen184
\WF@size=\dimen185
\c@WF@wrappedlines=\count301
\WF@box=\box61
\WF@everypar=\toks28
Package: wrapfig 2003/01/31  v 3.6
) (/usr/local/texlive/2022/texmf-dist/tex/latex/float/float.sty
Package: float 2001/11/08 v1.3d Float enhancements (AL)
\c@float@type=\count302
\float@exts=\toks29
\float@box=\box62
\@float@everytoks=\toks30
\@floatcapt=\box63
) (/usr/local/texlive/2022/texmf-dist/tex/latex/colortbl/colortbl.sty
Package: colortbl 2020/01/04 v1.0e Color table columns (DPC)
\everycr=\toks31
\minrowclearance=\skip63
) (/usr/local/texlive/2022/texmf-dist/tex/latex/pdflscape/pdflscape.sty
Package: pdflscape 2019/12/05 v0.12 Display of landscape pages in PDF (HO)
(/usr/local/texlive/2022/texmf-dist/tex/latex/graphics/lscape.sty
Package: lscape 2020/05/28 v3.02 Landscape Pages (DPC)
)
Package pdflscape Info: Auto-detected driver: pdftex on input line 81.
) (/usr/local/texlive/2022/texmf-dist/tex/latex/tabu/tabu.sty
Package: tabu 2019/01/11 v2.9 - flexible LaTeX tabulars (FC+tabu-fixed)
(/usr/local/texlive/2022/texmf-dist/tex/latex/varwidth/varwidth.sty
Package: varwidth 2009/03/30 ver 0.92;  Variable-width minipages
\@vwid@box=\box64
\sift@deathcycles=\count303
\@vwid@loff=\dimen186
\@vwid@roff=\dimen187
)
\c@taburow=\count304
\tabu@nbcols=\count305
\tabu@cnt=\count306
\tabu@Xcol=\count307
\tabu@alloc=\count308
\tabu@nested=\count309
\tabu@target=\dimen188
\tabu@spreadtarget=\dimen189
\tabu@naturalX=\dimen190
\tabucolX=\dimen191
\tabu@Xsum=\dimen192
\extrarowdepth=\dimen193
\abovetabulinesep=\dimen194
\belowtabulinesep=\dimen195
\tabustrutrule=\dimen196
\tabu@thebody=\toks32
\tabu@footnotes=\toks33
\tabu@box=\box65
\tabu@arstrutbox=\box66
\tabu@hleads=\box67
\tabu@vleads=\box68
\tabu@cellskip=\skip64
)
(/usr/local/texlive/2022/texmf-dist/tex/latex/threeparttable/threeparttable.sty
Package: threeparttable 2003/06/13  v 3.0
\@tempboxb=\box69
)
(/usr/local/texlive/2022/texmf-dist/tex/latex/threeparttablex/threeparttablex.s
ty
Package: threeparttablex 2013/07/23 v0.3 by daleif
(/usr/local/texlive/2022/texmf-dist/tex/latex/environ/environ.sty
Package: environ 2014/05/04 v0.3 A new way to define environments
(/usr/local/texlive/2022/texmf-dist/tex/latex/trimspaces/trimspaces.sty
Package: trimspaces 2009/09/17 v1.1 Trim spaces around a token list
))
\TPTL@width=\skip65
) (/usr/local/texlive/2022/texmf-dist/tex/generic/ulem/ulem.sty
\UL@box=\box70
\UL@hyphenbox=\box71
\UL@skip=\skip66
\UL@hook=\toks34
\UL@height=\dimen197
\UL@pe=\count310
\UL@pixel=\dimen198
\ULC@box=\box72
Package: ulem 2019/11/18
\ULdepth=\dimen199
) (/usr/local/texlive/2022/texmf-dist/tex/latex/makecell/makecell.sty
Package: makecell 2009/08/03 V0.1e Managing of Tab Column Heads and Cells
\rotheadsize=\dimen256
\c@nlinenum=\count311
\TeXr@lab=\toks35
) (/usr/local/texlive/2022/texmf-dist/tex/latex/l3backend/l3backend-pdftex.def
File: l3backend-pdftex.def 2022-02-07 L3 backend support: PDF output (pdfTeX)
\l__color_backend_stack_int=\count312
\l__pdf_internal_box=\box73
) (./report.aux)
\openout1 = `report.aux'.

LaTeX Font Info:    Checking defaults for OML/cmm/m/it on input line 124.
LaTeX Font Info:    ... okay on input line 124.
LaTeX Font Info:    Checking defaults for OMS/cmsy/m/n on input line 124.
LaTeX Font Info:    ... okay on input line 124.
LaTeX Font Info:    Checking defaults for OT1/cmr/m/n on input line 124.
LaTeX Font Info:    ... okay on input line 124.
LaTeX Font Info:    Checking defaults for T1/cmr/m/n on input line 124.
LaTeX Font Info:    ... okay on input line 124.
LaTeX Font Info:    Checking defaults for TS1/cmr/m/n on input line 124.
LaTeX Font Info:    ... okay on input line 124.
LaTeX Font Info:    Checking defaults for OMX/cmex/m/n on input line 124.
LaTeX Font Info:    ... okay on input line 124.
LaTeX Font Info:    Checking defaults for U/cmr/m/n on input line 124.
LaTeX Font Info:    ... okay on input line 124.
LaTeX Font Info:    Checking defaults for PD1/pdf/m/n on input line 124.
LaTeX Font Info:    ... okay on input line 124.
LaTeX Font Info:    Checking defaults for PU/pdf/m/n on input line 124.
LaTeX Font Info:    ... okay on input line 124.
LaTeX Info: Redefining \microtypecontext on input line 124.
Package microtype Info: Applying patch `item' on input line 124.
Package microtype Info: Applying patch `toc' on input line 124.
Package microtype Info: Applying patch `eqnum' on input line 124.
Package microtype Info: Applying patch `footnote' on input line 124.
Package microtype Info: Generating PDF output.
Package microtype Info: Character protrusion enabled (level 2).
Package microtype Info: Using protrusion set `basicmath'.
Package microtype Info: Automatic font expansion enabled (level 2),
(microtype)             stretch: 20, shrink: 20, step: 1, non-selected.
Package microtype Info: Using default expansion set `alltext-nott'.
LaTeX Info: Redefining \showhyphens on input line 124.
Package microtype Info: No adjustment of tracking.
Package microtype Info: No adjustment of interword spacing.
Package microtype Info: No adjustment of character kerning.
(/usr/local/texlive/2022/texmf-dist/tex/latex/microtype/mt-cmr.cfg
File: mt-cmr.cfg 2013/05/19 v2.2 microtype config. file: Computer Modern Roman 
(RS)
) (/usr/local/texlive/2022/texmf-dist/tex/context/base/mkii/supp-pdf.mkii
[Loading MPS to PDF converter (version 2006.09.02).]
\scratchcounter=\count313
\scratchdimen=\dimen257
\scratchbox=\box74
\nofMPsegments=\count314
\nofMParguments=\count315
\everyMPshowfont=\toks36
\MPscratchCnt=\count316
\MPscratchDim=\dimen258
\MPnumerator=\count317
\makeMPintoPDFobject=\count318
\everyMPtoPDFconversion=\toks37
) (/usr/local/texlive/2022/texmf-dist/tex/latex/epstopdf-pkg/epstopdf-base.sty
Package: epstopdf-base 2020-01-24 v2.11 Base part for package epstopdf
Package epstopdf-base Info: Redefining graphics rule for `.eps' on input line 4
85.
(/usr/local/texlive/2022/texmf-dist/tex/latex/latexconfig/epstopdf-sys.cfg
File: epstopdf-sys.cfg 2010/07/13 v1.3 Configuration of (r)epstopdf for TeX Liv
e
))
Package hyperref Info: Link coloring OFF on input line 124.
(/usr/local/texlive/2022/texmf-dist/tex/latex/hyperref/nameref.sty
Package: nameref 2021-04-02 v2.47 Cross-referencing by name of section
(/usr/local/texlive/2022/texmf-dist/tex/latex/refcount/refcount.sty
Package: refcount 2019/12/15 v3.6 Data extraction from label references (HO)
)
(/usr/local/texlive/2022/texmf-dist/tex/generic/gettitlestring/gettitlestring.s
ty
Package: gettitlestring 2019/12/15 v1.6 Cleanup title references (HO)
)
\c@section@level=\count319
)
LaTeX Info: Redefining \ref on input line 124.
LaTeX Info: Redefining \pageref on input line 124.
LaTeX Info: Redefining \nameref on input line 124.
*geometry* driver: auto-detecting
*geometry* detected driver: pdftex
*geometry* verbose mode - [ preamble ] result:
* driver: pdftex
* paper: <default>
* layout: <same size as paper>
* layoutoffset:(h,v)=(0.0pt,0.0pt)
* modes: 
* h-part:(L,W,R)=(72.26999pt, 469.75502pt, 72.26999pt)
* v-part:(T,H,B)=(72.26999pt, 650.43001pt, 72.26999pt)
* \paperwidth=614.295pt
* \paperheight=794.96999pt
* \textwidth=469.75502pt
* \textheight=650.43001pt
* \oddsidemargin=0.0pt
* \evensidemargin=0.0pt
* \topmargin=-37.0pt
* \headheight=12.0pt
* \headsep=25.0pt
* \topskip=10.0pt
* \footskip=30.0pt
* \marginparwidth=65.0pt
* \marginparsep=11.0pt
* \columnsep=10.0pt
* \skip\footins=9.0pt plus 4.0pt minus 2.0pt
* \hoffset=0.0pt
* \voffset=0.0pt
* \mag=1000
* \@twocolumnfalse
* \@twosidefalse
* \@mparswitchfalse
* \@reversemarginfalse
* (1in=72.27pt=25.4mm, 1cm=28.453pt)

LaTeX Font Info:    Trying to load font information for OT1+lmr on input line 1
26.
(/usr/local/texlive/2022/texmf-dist/tex/latex/lm/ot1lmr.fd
File: ot1lmr.fd 2015/05/01 v1.6.1 Font defs for Latin Modern
)
LaTeX Font Info:    Trying to load font information for OML+lmm on input line 1
26.
(/usr/local/texlive/2022/texmf-dist/tex/latex/lm/omllmm.fd
File: omllmm.fd 2015/05/01 v1.6.1 Font defs for Latin Modern
)
LaTeX Font Info:    Trying to load font information for OMS+lmsy on input line 
126.
(/usr/local/texlive/2022/texmf-dist/tex/latex/lm/omslmsy.fd
File: omslmsy.fd 2015/05/01 v1.6.1 Font defs for Latin Modern
)
LaTeX Font Info:    Trying to load font information for OMX+lmex on input line 
126.
(/usr/local/texlive/2022/texmf-dist/tex/latex/lm/omxlmex.fd
File: omxlmex.fd 2015/05/01 v1.6.1 Font defs for Latin Modern
)
LaTeX Font Info:    External font `lmex10' loaded for size
(Font)              <12> on input line 126.
LaTeX Font Info:    External font `lmex10' loaded for size
(Font)              <8> on input line 126.
LaTeX Font Info:    External font `lmex10' loaded for size
(Font)              <6> on input line 126.
LaTeX Font Info:    Trying to load font information for U+msa on input line 126
.
(/usr/local/texlive/2022/texmf-dist/tex/latex/amsfonts/umsa.fd
File: umsa.fd 2013/01/14 v3.01 AMS symbols A
) (/usr/local/texlive/2022/texmf-dist/tex/latex/microtype/mt-msa.cfg
File: mt-msa.cfg 2006/02/04 v1.1 microtype config. file: AMS symbols (a) (RS)
)
LaTeX Font Info:    Trying to load font information for U+msb on input line 126
.
(/usr/local/texlive/2022/texmf-dist/tex/latex/amsfonts/umsb.fd
File: umsb.fd 2013/01/14 v3.01 AMS symbols B
) (/usr/local/texlive/2022/texmf-dist/tex/latex/microtype/mt-msb.cfg
File: mt-msb.cfg 2005/06/01 v1.0 microtype config. file: AMS symbols (b) (RS)
)
LaTeX Font Info:    Trying to load font information for TS1+lmr on input line 1
60.
(/usr/local/texlive/2022/texmf-dist/tex/latex/lm/ts1lmr.fd
File: ts1lmr.fd 2015/05/01 v1.6.1 Font defs for Latin Modern
) [1

{/usr/local/texlive/2022/texmf-var/fonts/map/pdftex/updmap/pdftex.map}]
LaTeX Font Info:    Trying to load font information for T1+lmtt on input line 2
23.
(/usr/local/texlive/2022/texmf-dist/tex/latex/lm/t1lmtt.fd
File: t1lmtt.fd 2015/05/01 v1.6.1 Font defs for Latin Modern
)
LaTeX Font Info:    Trying to load font information for TS1+lmtt on input line 
257.
(/usr/local/texlive/2022/texmf-dist/tex/latex/lm/ts1lmtt.fd
File: ts1lmtt.fd 2015/05/01 v1.6.1 Font defs for Latin Modern
) [2] [3]
Overfull \hbox (2.7436pt too wide) in paragraph at lines 392--392
[]\T1/lmtt/m/n/10 ##  $ OBS.            : Factor w/ 1000 levels "1","2","3","4"
,..: 1 2 3 4 5 6 7 8 9 10 ...[] 
 []

[4] [5]
<report_files/figure-latex/unnamed-chunk-9-1.pdf, id=49, 453.695pt x 313.17pt>
File: report_files/figure-latex/unnamed-chunk-9-1.pdf Graphic file (type pdf)
<use report_files/figure-latex/unnamed-chunk-9-1.pdf>
Package pdftex.def Info: report_files/figure-latex/unnamed-chunk-9-1.pdf  used 
on input line 475.
(pdftex.def)             Requested size: 453.6939pt x 313.16922pt.
<report_files/figure-latex/unnamed-chunk-10-1.pdf, id=50, 459.7175pt x 299.1175
pt>
File: report_files/figure-latex/unnamed-chunk-10-1.pdf Graphic file (type pdf)
<use report_files/figure-latex/unnamed-chunk-10-1.pdf>
Package pdftex.def Info: report_files/figure-latex/unnamed-chunk-10-1.pdf  used
 on input line 488.
(pdftex.def)             Requested size: 459.74442pt x 299.13501pt.
<report_files/figure-latex/unnamed-chunk-10-2.pdf, id=51, 459.7175pt x 299.1175
pt>
File: report_files/figure-latex/unnamed-chunk-10-2.pdf Graphic file (type pdf)
<use report_files/figure-latex/unnamed-chunk-10-2.pdf>
Package pdftex.def Info: report_files/figure-latex/unnamed-chunk-10-2.pdf  used
 on input line 489.
(pdftex.def)             Requested size: 459.74442pt x 299.13501pt.

Underfull \hbox (badness 10000) in paragraph at lines 488--490
[][]
 []

[6 <./report_files/figure-latex/unnamed-chunk-9-1.pdf>]
<report_files/figure-latex/unnamed-chunk-11-1.pdf, id=65, 459.7175pt x 299.1175
pt>
File: report_files/figure-latex/unnamed-chunk-11-1.pdf Graphic file (type pdf)
<use report_files/figure-latex/unnamed-chunk-11-1.pdf>
Package pdftex.def Info: report_files/figure-latex/unnamed-chunk-11-1.pdf  used
 on input line 496.
(pdftex.def)             Requested size: 459.74442pt x 299.13501pt.
[7 <./report_files/figure-latex/unnamed-chunk-10-1.pdf> <./report_files/figure-
latex/unnamed-chunk-10-2.pdf>]
<report_files/figure-latex/unnamed-chunk-12-1.pdf, id=85, 464.73625pt x 313.17p
t>
File: report_files/figure-latex/unnamed-chunk-12-1.pdf Graphic file (type pdf)
<use report_files/figure-latex/unnamed-chunk-12-1.pdf>
Package pdftex.def Info: report_files/figure-latex/unnamed-chunk-12-1.pdf  used
 on input line 504.
(pdftex.def)             Requested size: 234.87787pt x 158.27621pt.
<report_files/figure-latex/unnamed-chunk-12-2.pdf, id=86, 459.7175pt x 315.1775
pt>
File: report_files/figure-latex/unnamed-chunk-12-2.pdf Graphic file (type pdf)
<use report_files/figure-latex/unnamed-chunk-12-2.pdf>
Package pdftex.def Info: report_files/figure-latex/unnamed-chunk-12-2.pdf  used
 on input line 505.
(pdftex.def)             Requested size: 234.8807pt x 161.03175pt.
<report_files/figure-latex/unnamed-chunk-12-3.pdf, id=87, 459.7175pt x 313.17pt
>
File: report_files/figure-latex/unnamed-chunk-12-3.pdf Graphic file (type pdf)
<use report_files/figure-latex/unnamed-chunk-12-3.pdf>
Package pdftex.def Info: report_files/figure-latex/unnamed-chunk-12-3.pdf  used
 on input line 506.
(pdftex.def)             Requested size: 234.8807pt x 160.00607pt.
<report_files/figure-latex/unnamed-chunk-12-4.pdf, id=88, 459.7175pt x 315.1775
pt>
File: report_files/figure-latex/unnamed-chunk-12-4.pdf Graphic file (type pdf)
<use report_files/figure-latex/unnamed-chunk-12-4.pdf>
Package pdftex.def Info: report_files/figure-latex/unnamed-chunk-12-4.pdf  used
 on input line 507.
(pdftex.def)             Requested size: 234.8807pt x 161.03175pt.
<report_files/figure-latex/unnamed-chunk-12-5.pdf, id=89, 459.7175pt x 315.1775
pt>
File: report_files/figure-latex/unnamed-chunk-12-5.pdf Graphic file (type pdf)
<use report_files/figure-latex/unnamed-chunk-12-5.pdf>
Package pdftex.def Info: report_files/figure-latex/unnamed-chunk-12-5.pdf  used
 on input line 508.
(pdftex.def)             Requested size: 234.8807pt x 161.03175pt.
<report_files/figure-latex/unnamed-chunk-12-6.pdf, id=90, 459.7175pt x 313.17pt
>
File: report_files/figure-latex/unnamed-chunk-12-6.pdf Graphic file (type pdf)
<use report_files/figure-latex/unnamed-chunk-12-6.pdf>
Package pdftex.def Info: report_files/figure-latex/unnamed-chunk-12-6.pdf  used
 on input line 509.
(pdftex.def)             Requested size: 234.8807pt x 160.00607pt.
<report_files/figure-latex/unnamed-chunk-12-7.pdf, id=91, 459.7175pt x 313.17pt
>
File: report_files/figure-latex/unnamed-chunk-12-7.pdf Graphic file (type pdf)
<use report_files/figure-latex/unnamed-chunk-12-7.pdf>
Package pdftex.def Info: report_files/figure-latex/unnamed-chunk-12-7.pdf  used
 on input line 510.
(pdftex.def)             Requested size: 234.8807pt x 160.00607pt.
<report_files/figure-latex/unnamed-chunk-12-8.pdf, id=92, 459.7175pt x 313.17pt
>
File: report_files/figure-latex/unnamed-chunk-12-8.pdf Graphic file (type pdf)
<use report_files/figure-latex/unnamed-chunk-12-8.pdf>
Package pdftex.def Info: report_files/figure-latex/unnamed-chunk-12-8.pdf  used
 on input line 511.
(pdftex.def)             Requested size: 234.8807pt x 160.00607pt.
<report_files/figure-latex/unnamed-chunk-12-9.pdf, id=93, 459.7175pt x 313.17pt
>
File: report_files/figure-latex/unnamed-chunk-12-9.pdf Graphic file (type pdf)
<use report_files/figure-latex/unnamed-chunk-12-9.pdf>
Package pdftex.def Info: report_files/figure-latex/unnamed-chunk-12-9.pdf  used
 on input line 512.
(pdftex.def)             Requested size: 234.8807pt x 160.00607pt.
<report_files/figure-latex/unnamed-chunk-12-10.pdf, id=94, 459.7175pt x 315.177
5pt>
File: report_files/figure-latex/unnamed-chunk-12-10.pdf Graphic file (type pdf)

<use report_files/figure-latex/unnamed-chunk-12-10.pdf>
Package pdftex.def Info: report_files/figure-latex/unnamed-chunk-12-10.pdf  use
d on input line 513.
(pdftex.def)             Requested size: 234.8807pt x 161.03175pt.
<report_files/figure-latex/unnamed-chunk-12-11.pdf, id=95, 459.7175pt x 313.17p
t>
File: report_files/figure-latex/unnamed-chunk-12-11.pdf Graphic file (type pdf)

<use report_files/figure-latex/unnamed-chunk-12-11.pdf>
Package pdftex.def Info: report_files/figure-latex/unnamed-chunk-12-11.pdf  use
d on input line 514.
(pdftex.def)             Requested size: 234.8807pt x 160.00607pt.
<report_files/figure-latex/unnamed-chunk-12-12.pdf, id=96, 459.7175pt x 315.177
5pt>
File: report_files/figure-latex/unnamed-chunk-12-12.pdf Graphic file (type pdf)

<use report_files/figure-latex/unnamed-chunk-12-12.pdf>
Package pdftex.def Info: report_files/figure-latex/unnamed-chunk-12-12.pdf  use
d on input line 515.
(pdftex.def)             Requested size: 234.8807pt x 161.03175pt.
<report_files/figure-latex/unnamed-chunk-12-13.pdf, id=97, 459.7175pt x 315.177
5pt>
File: report_files/figure-latex/unnamed-chunk-12-13.pdf Graphic file (type pdf)

<use report_files/figure-latex/unnamed-chunk-12-13.pdf>
Package pdftex.def Info: report_files/figure-latex/unnamed-chunk-12-13.pdf  use
d on input line 516.
(pdftex.def)             Requested size: 234.8807pt x 161.03175pt.
<report_files/figure-latex/unnamed-chunk-12-14.pdf, id=98, 459.7175pt x 315.177
5pt>
File: report_files/figure-latex/unnamed-chunk-12-14.pdf Graphic file (type pdf)

<use report_files/figure-latex/unnamed-chunk-12-14.pdf>
Package pdftex.def Info: report_files/figure-latex/unnamed-chunk-12-14.pdf  use
d on input line 517.
(pdftex.def)             Requested size: 234.8807pt x 161.03175pt.
<report_files/figure-latex/unnamed-chunk-12-15.pdf, id=99, 459.7175pt x 313.17p
t>
File: report_files/figure-latex/unnamed-chunk-12-15.pdf Graphic file (type pdf)

<use report_files/figure-latex/unnamed-chunk-12-15.pdf>
Package pdftex.def Info: report_files/figure-latex/unnamed-chunk-12-15.pdf  use
d on input line 518.
(pdftex.def)             Requested size: 234.8807pt x 160.00607pt.
<report_files/figure-latex/unnamed-chunk-12-16.pdf, id=100, 459.7175pt x 313.17
pt>
File: report_files/figure-latex/unnamed-chunk-12-16.pdf Graphic file (type pdf)

<use report_files/figure-latex/unnamed-chunk-12-16.pdf>
Package pdftex.def Info: report_files/figure-latex/unnamed-chunk-12-16.pdf  use
d on input line 519.
(pdftex.def)             Requested size: 234.8807pt x 160.00607pt.
<report_files/figure-latex/unnamed-chunk-12-17.pdf, id=101, 459.7175pt x 315.17
75pt>
File: report_files/figure-latex/unnamed-chunk-12-17.pdf Graphic file (type pdf)

<use report_files/figure-latex/unnamed-chunk-12-17.pdf>
Package pdftex.def Info: report_files/figure-latex/unnamed-chunk-12-17.pdf  use
d on input line 520.
(pdftex.def)             Requested size: 234.8807pt x 161.03175pt.
<report_files/figure-latex/unnamed-chunk-12-18.pdf, id=102, 459.7175pt x 315.17
75pt>
File: report_files/figure-latex/unnamed-chunk-12-18.pdf Graphic file (type pdf)

<use report_files/figure-latex/unnamed-chunk-12-18.pdf>
Package pdftex.def Info: report_files/figure-latex/unnamed-chunk-12-18.pdf  use
d on input line 521.
(pdftex.def)             Requested size: 234.8807pt x 161.03175pt.
<report_files/figure-latex/unnamed-chunk-12-19.pdf, id=103, 459.7175pt x 315.17
75pt>
File: report_files/figure-latex/unnamed-chunk-12-19.pdf Graphic file (type pdf)

<use report_files/figure-latex/unnamed-chunk-12-19.pdf>
Package pdftex.def Info: report_files/figure-latex/unnamed-chunk-12-19.pdf  use
d on input line 522.
(pdftex.def)             Requested size: 234.8807pt x 161.03175pt.
<report_files/figure-latex/unnamed-chunk-12-20.pdf, id=104, 459.7175pt x 315.17
75pt>
File: report_files/figure-latex/unnamed-chunk-12-20.pdf Graphic file (type pdf)

<use report_files/figure-latex/unnamed-chunk-12-20.pdf>
Package pdftex.def Info: report_files/figure-latex/unnamed-chunk-12-20.pdf  use
d on input line 523.
(pdftex.def)             Requested size: 234.8807pt x 161.03175pt.
<report_files/figure-latex/unnamed-chunk-12-21.pdf, id=105, 459.7175pt x 313.17
pt>
File: report_files/figure-latex/unnamed-chunk-12-21.pdf Graphic file (type pdf)

<use report_files/figure-latex/unnamed-chunk-12-21.pdf>
Package pdftex.def Info: report_files/figure-latex/unnamed-chunk-12-21.pdf  use
d on input line 524.
(pdftex.def)             Requested size: 234.8807pt x 160.00607pt.
<report_files/figure-latex/unnamed-chunk-12-22.pdf, id=106, 459.7175pt x 315.17
75pt>
File: report_files/figure-latex/unnamed-chunk-12-22.pdf Graphic file (type pdf)

<use report_files/figure-latex/unnamed-chunk-12-22.pdf>
Package pdftex.def Info: report_files/figure-latex/unnamed-chunk-12-22.pdf  use
d on input line 525.
(pdftex.def)             Requested size: 234.8807pt x 161.03175pt.
<report_files/figure-latex/unnamed-chunk-12-23.pdf, id=107, 459.7175pt x 313.17
pt>
File: report_files/figure-latex/unnamed-chunk-12-23.pdf Graphic file (type pdf)

<use report_files/figure-latex/unnamed-chunk-12-23.pdf>
Package pdftex.def Info: report_files/figure-latex/unnamed-chunk-12-23.pdf  use
d on input line 526.
(pdftex.def)             Requested size: 234.8807pt x 160.00607pt.
<report_files/figure-latex/unnamed-chunk-12-24.pdf, id=108, 459.7175pt x 313.17
pt>
File: report_files/figure-latex/unnamed-chunk-12-24.pdf Graphic file (type pdf)

<use report_files/figure-latex/unnamed-chunk-12-24.pdf>
Package pdftex.def Info: report_files/figure-latex/unnamed-chunk-12-24.pdf  use
d on input line 527.
(pdftex.def)             Requested size: 234.8807pt x 160.00607pt.
<report_files/figure-latex/unnamed-chunk-12-25.pdf, id=109, 459.7175pt x 313.17
pt>
File: report_files/figure-latex/unnamed-chunk-12-25.pdf Graphic file (type pdf)

<use report_files/figure-latex/unnamed-chunk-12-25.pdf>
Package pdftex.def Info: report_files/figure-latex/unnamed-chunk-12-25.pdf  use
d on input line 528.
(pdftex.def)             Requested size: 234.8807pt x 160.00607pt.
<report_files/figure-latex/unnamed-chunk-12-26.pdf, id=110, 459.7175pt x 313.17
pt>
File: report_files/figure-latex/unnamed-chunk-12-26.pdf Graphic file (type pdf)

<use report_files/figure-latex/unnamed-chunk-12-26.pdf>
Package pdftex.def Info: report_files/figure-latex/unnamed-chunk-12-26.pdf  use
d on input line 529.
(pdftex.def)             Requested size: 234.8807pt x 160.00607pt.

Overfull \hbox (2.22577pt too wide) in paragraph at lines 504--530
[][] []
 []


Overfull \hbox (2.2286pt too wide) in paragraph at lines 504--530
[] []
 []


Overfull \hbox (2.2286pt too wide) in paragraph at lines 504--530
[] []
 []


Overfull \hbox (2.2286pt too wide) in paragraph at lines 504--530
[] []
 []


Overfull \hbox (2.2286pt too wide) in paragraph at lines 504--530
[] []
 []


Overfull \hbox (2.2286pt too wide) in paragraph at lines 504--530
[] []
 []


Overfull \hbox (2.2286pt too wide) in paragraph at lines 504--530
[] []
 []


Overfull \hbox (2.2286pt too wide) in paragraph at lines 504--530
[] []
 []


Overfull \hbox (2.2286pt too wide) in paragraph at lines 504--530
[] []
 []


Overfull \hbox (2.2286pt too wide) in paragraph at lines 504--530
[] []
 []


Overfull \hbox (2.2286pt too wide) in paragraph at lines 504--530
[] []
 []


Overfull \hbox (2.2286pt too wide) in paragraph at lines 504--530
[] []
 []


Overfull \hbox (2.2286pt too wide) in paragraph at lines 504--530
[] [] 
 []

[8 <./report_files/figure-latex/unnamed-chunk-11-1.pdf> <./report_files/figure-
latex/unnamed-chunk-12-1.pdf> <./report_files/figure-latex/unnamed-chunk-12-2.p
df>] [9 <./report_files/figure-latex/unnamed-chunk-12-3.pdf> <./report_files/fi
gure-latex/unnamed-chunk-12-4.pdf> <./report_files/figure-latex/unnamed-chunk-1
2-5.pdf> <./report_files/figure-latex/unnamed-chunk-12-6.pdf> <./report_files/f
igure-latex/unnamed-chunk-12-7.pdf> <./report_files/figure-latex/unnamed-chunk-
12-8.pdf> <./report_files/figure-latex/unnamed-chunk-12-9.pdf> <./report_files/
figure-latex/unnamed-chunk-12-10.pdf>] [10 <./report_files/figure-latex/unnamed
-chunk-12-11.pdf> <./report_files/figure-latex/unnamed-chunk-12-12.pdf> <./repo
rt_files/figure-latex/unnamed-chunk-12-13.pdf> <./report_files/figure-latex/unn
amed-chunk-12-14.pdf> <./report_files/figure-latex/unnamed-chunk-12-15.pdf> <./
report_files/figure-latex/unnamed-chunk-12-16.pdf> <./report_files/figure-latex
/unnamed-chunk-12-17.pdf> <./report_files/figure-latex/unnamed-chunk-12-18.pdf>
] [11 <./report_files/figure-latex/unnamed-chunk-12-19.pdf> <./report_files/fig
ure-latex/unnamed-chunk-12-20.pdf> <./report_files/figure-latex/unnamed-chunk-1
2-21.pdf> <./report_files/figure-latex/unnamed-chunk-12-22.pdf> <./report_files
/figure-latex/unnamed-chunk-12-23.pdf> <./report_files/figure-latex/unnamed-chu
nk-12-24.pdf> <./report_files/figure-latex/unnamed-chunk-12-25.pdf> <./report_f
iles/figure-latex/unnamed-chunk-12-26.pdf>]
Overfull \hbox (186.49307pt too wide) in paragraph at lines 696--696
[]\T1/lmtt/m/n/10 ## +----+------------------+-----------------------------+---
------------------+-----------------------+----------+---------+[] 
 []


Overfull \hbox (186.49307pt too wide) in paragraph at lines 696--696
[]\T1/lmtt/m/n/10 ## | No | Variable         | Stats / Values              | Fr
eqs (% of Valid)  | Graph                 | Valid    | Missing |[] 
 []


Overfull \hbox (186.49307pt too wide) in paragraph at lines 696--696
[]\T1/lmtt/m/n/10 ## +====+==================+=============================+===
==================+=======================+==========+=========+[] 
 []


Overfull \hbox (186.49307pt too wide) in paragraph at lines 696--696
[]\T1/lmtt/m/n/10 ## | 1  | OBS.             | 1. 1                        |   
1 ( 0.1%)         |                       | 1000     | 0       |[] 
 []


Overfull \hbox (186.49307pt too wide) in paragraph at lines 696--696
[]\T1/lmtt/m/n/10 ## |    | [factor]         | 2. 2                        |   
1 ( 0.1%)         |                       | (100.0%) | (0.0%)  |[] 
 []


Overfull \hbox (186.49307pt too wide) in paragraph at lines 696--696
[]\T1/lmtt/m/n/10 ## |    |                  | 3. 3                        |   
1 ( 0.1%)         |                       |          |         |[] 
 []


Overfull \hbox (186.49307pt too wide) in paragraph at lines 696--696
[]\T1/lmtt/m/n/10 ## |    |                  | 4. 4                        |   
1 ( 0.1%)         |                       |          |         |[] 
 []


Overfull \hbox (186.49307pt too wide) in paragraph at lines 696--696
[]\T1/lmtt/m/n/10 ## |    |                  | 5. 5                        |   
1 ( 0.1%)         |                       |          |         |[] 
 []


Overfull \hbox (186.49307pt too wide) in paragraph at lines 696--696
[]\T1/lmtt/m/n/10 ## |    |                  | 6. 6                        |   
1 ( 0.1%)         |                       |          |         |[] 
 []


Overfull \hbox (186.49307pt too wide) in paragraph at lines 696--696
[]\T1/lmtt/m/n/10 ## |    |                  | 7. 7                        |   
1 ( 0.1%)         |                       |          |         |[] 
 []


Overfull \hbox (186.49307pt too wide) in paragraph at lines 696--696
[]\T1/lmtt/m/n/10 ## |    |                  | 8. 8                        |   
1 ( 0.1%)         |                       |          |         |[] 
 []


Overfull \hbox (186.49307pt too wide) in paragraph at lines 696--696
[]\T1/lmtt/m/n/10 ## |    |                  | 9. 9                        |   
1 ( 0.1%)         |                       |          |         |[] 
 []


Overfull \hbox (186.49307pt too wide) in paragraph at lines 696--696
[]\T1/lmtt/m/n/10 ## |    |                  | 10. 10                      |   
1 ( 0.1%)         |                       |          |         |[] 
 []


Overfull \hbox (186.49307pt too wide) in paragraph at lines 696--696
[]\T1/lmtt/m/n/10 ## |    |                  | [ 990 others ]              | 99
0 (99.0%)         | IIIIIIIIIIIIIIIIIII   |          |         |[] 
 []


Overfull \hbox (186.49307pt too wide) in paragraph at lines 696--696
[]\T1/lmtt/m/n/10 ## +----+------------------+-----------------------------+---
------------------+-----------------------+----------+---------+[] 
 []


Overfull \hbox (186.49307pt too wide) in paragraph at lines 696--696
[]\T1/lmtt/m/n/10 ## | 2  | CHK_ACCT         | 1. 0                        | 27
4 (27.4%)         | IIIII                 | 1000     | 0       |[] 
 []


Overfull \hbox (186.49307pt too wide) in paragraph at lines 696--696
[]\T1/lmtt/m/n/10 ## |    | [factor]         | 2. 1                        | 26
9 (26.9%)         | IIIII                 | (100.0%) | (0.0%)  |[] 
 []


Overfull \hbox (186.49307pt too wide) in paragraph at lines 696--696
[]\T1/lmtt/m/n/10 ## |    |                  | 3. 2                        |  6
3 ( 6.3%)         | I                     |          |         |[] 
 []


Overfull \hbox (186.49307pt too wide) in paragraph at lines 696--696
[]\T1/lmtt/m/n/10 ## |    |                  | 4. 3                        | 39
4 (39.4%)         | IIIIIII               |          |         |[] 
 []


Overfull \hbox (186.49307pt too wide) in paragraph at lines 696--696
[]\T1/lmtt/m/n/10 ## +----+------------------+-----------------------------+---
------------------+-----------------------+----------+---------+[] 
 []


Overfull \hbox (186.49307pt too wide) in paragraph at lines 696--696
[]\T1/lmtt/m/n/10 ## | 3  | DURATION         | Mean (sd) : 20.9 (12.1)     | 33
 distinct values  |     :                 | 1000     | 0       |[] 
 []


Overfull \hbox (186.49307pt too wide) in paragraph at lines 696--696
[]\T1/lmtt/m/n/10 ## |    | [numeric]        | min < med < max:            |   
                  |   : :                 | (100.0%) | (0.0%)  |[] 
 []


Overfull \hbox (186.49307pt too wide) in paragraph at lines 696--696
[]\T1/lmtt/m/n/10 ## |    |                  | 4 < 18 < 72                 |   
                  | . : :                 |          |         |[] 
 []


Overfull \hbox (186.49307pt too wide) in paragraph at lines 696--696
[]\T1/lmtt/m/n/10 ## |    |                  | IQR (CV) : 12 (0.6)         |   
                  | : : :   .             |          |         |[] 
 []


Overfull \hbox (186.49307pt too wide) in paragraph at lines 696--696
[]\T1/lmtt/m/n/10 ## |    |                  |                             |   
                  | : : : : : . :         |          |         |[] 
 []


Overfull \hbox (186.49307pt too wide) in paragraph at lines 696--696
[]\T1/lmtt/m/n/10 ## +----+------------------+-----------------------------+---
------------------+-----------------------+----------+---------+[] 
 []


Overfull \hbox (186.49307pt too wide) in paragraph at lines 696--696
[]\T1/lmtt/m/n/10 ## | 4  | HISTORY          | 1. 0                        |  4
0 ( 4.0%)         |                       | 1000     | 0       |[] 
 []


Overfull \hbox (186.49307pt too wide) in paragraph at lines 696--696
[]\T1/lmtt/m/n/10 ## |    | [factor]         | 2. 1                        |  4
9 ( 4.9%)         |                       | (100.0%) | (0.0%)  |[] 
 []


Overfull \hbox (186.49307pt too wide) in paragraph at lines 696--696
[]\T1/lmtt/m/n/10 ## |    |                  | 3. 2                        | 53
0 (53.0%)         | IIIIIIIIII            |          |         |[] 
 []


Overfull \hbox (186.49307pt too wide) in paragraph at lines 696--696
[]\T1/lmtt/m/n/10 ## |    |                  | 4. 3                        |  8
8 ( 8.8%)         | I                     |          |         |[] 
 []


Overfull \hbox (186.49307pt too wide) in paragraph at lines 696--696
[]\T1/lmtt/m/n/10 ## |    |                  | 5. 4                        | 29
3 (29.3%)         | IIIII                 |          |         |[] 
 []


Overfull \hbox (186.49307pt too wide) in paragraph at lines 696--696
[]\T1/lmtt/m/n/10 ## +----+------------------+-----------------------------+---
------------------+-----------------------+----------+---------+[] 
 []


Overfull \hbox (186.49307pt too wide) in paragraph at lines 696--696
[]\T1/lmtt/m/n/10 ## | 5  | NEW_CAR          | 1. 0                        | 76
6 (76.6%)         | IIIIIIIIIIIIIII       | 1000     | 0       |[] 
 []


Overfull \hbox (186.49307pt too wide) in paragraph at lines 696--696
[]\T1/lmtt/m/n/10 ## |    | [factor]         | 2. 1                        | 23
4 (23.4%)         | IIII                  | (100.0%) | (0.0%)  |[] 
 []


Overfull \hbox (186.49307pt too wide) in paragraph at lines 696--696
[]\T1/lmtt/m/n/10 ## +----+------------------+-----------------------------+---
------------------+-----------------------+----------+---------+[] 
 []


Overfull \hbox (186.49307pt too wide) in paragraph at lines 696--696
[]\T1/lmtt/m/n/10 ## | 6  | USED_CAR         | 1. 0                        | 89
7 (89.7%)         | IIIIIIIIIIIIIIIII     | 1000     | 0       |[] 
 []


Overfull \hbox (186.49307pt too wide) in paragraph at lines 696--696
[]\T1/lmtt/m/n/10 ## |    | [factor]         | 2. 1                        | 10
3 (10.3%)         | II                    | (100.0%) | (0.0%)  |[] 
 []


Overfull \hbox (186.49307pt too wide) in paragraph at lines 696--696
[]\T1/lmtt/m/n/10 ## +----+------------------+-----------------------------+---
------------------+-----------------------+----------+---------+[] 
 []


Overfull \hbox (186.49307pt too wide) in paragraph at lines 696--696
[]\T1/lmtt/m/n/10 ## | 7  | FURNITURE        | 1. 0                        | 81
9 (81.9%)         | IIIIIIIIIIIIIIII      | 1000     | 0       |[] 
 []


Overfull \hbox (186.49307pt too wide) in paragraph at lines 696--696
[]\T1/lmtt/m/n/10 ## |    | [factor]         | 2. 1                        | 18
1 (18.1%)         | III                   | (100.0%) | (0.0%)  |[] 
 []

[12]
Overfull \hbox (186.49307pt too wide) in paragraph at lines 696--696
[]\T1/lmtt/m/n/10 ## +----+------------------+-----------------------------+---
------------------+-----------------------+----------+---------+[] 
 []


Overfull \hbox (186.49307pt too wide) in paragraph at lines 696--696
[]\T1/lmtt/m/n/10 ## | 8  | RADIO.TV         | 1. 0                        | 72
0 (72.0%)         | IIIIIIIIIIIIII        | 1000     | 0       |[] 
 []


Overfull \hbox (186.49307pt too wide) in paragraph at lines 696--696
[]\T1/lmtt/m/n/10 ## |    | [factor]         | 2. 1                        | 28
0 (28.0%)         | IIIII                 | (100.0%) | (0.0%)  |[] 
 []


Overfull \hbox (186.49307pt too wide) in paragraph at lines 696--696
[]\T1/lmtt/m/n/10 ## +----+------------------+-----------------------------+---
------------------+-----------------------+----------+---------+[] 
 []


Overfull \hbox (186.49307pt too wide) in paragraph at lines 696--696
[]\T1/lmtt/m/n/10 ## | 9  | EDUCATION        | 1. 0                        | 95
0 (95.0%)         | IIIIIIIIIIIIIIIIIII   | 1000     | 0       |[] 
 []


Overfull \hbox (186.49307pt too wide) in paragraph at lines 696--696
[]\T1/lmtt/m/n/10 ## |    | [factor]         | 2. 1                        |  5
0 ( 5.0%)         | I                     | (100.0%) | (0.0%)  |[] 
 []


Overfull \hbox (186.49307pt too wide) in paragraph at lines 696--696
[]\T1/lmtt/m/n/10 ## +----+------------------+-----------------------------+---
------------------+-----------------------+----------+---------+[] 
 []


Overfull \hbox (186.49307pt too wide) in paragraph at lines 696--696
[]\T1/lmtt/m/n/10 ## | 10 | RETRAINING       | 1. 0                        | 90
3 (90.3%)         | IIIIIIIIIIIIIIIIII    | 1000     | 0       |[] 
 []


Overfull \hbox (186.49307pt too wide) in paragraph at lines 696--696
[]\T1/lmtt/m/n/10 ## |    | [factor]         | 2. 1                        |  9
7 ( 9.7%)         | I                     | (100.0%) | (0.0%)  |[] 
 []


Overfull \hbox (186.49307pt too wide) in paragraph at lines 696--696
[]\T1/lmtt/m/n/10 ## +----+------------------+-----------------------------+---
------------------+-----------------------+----------+---------+[] 
 []


Overfull \hbox (186.49307pt too wide) in paragraph at lines 696--696
[]\T1/lmtt/m/n/10 ## | 11 | AMOUNT           | Mean (sd) : 3271.3 (2822.7) | 92
1 distinct values | :                     | 1000     | 0       |[] 
 []


Overfull \hbox (186.49307pt too wide) in paragraph at lines 696--696
[]\T1/lmtt/m/n/10 ## |    | [numeric]        | min < med < max:            |   
                  | : .                   | (100.0%) | (0.0%)  |[] 
 []


Overfull \hbox (186.49307pt too wide) in paragraph at lines 696--696
[]\T1/lmtt/m/n/10 ## |    |                  | 250 < 2319.5 < 18424        |   
                  | : :                   |          |         |[] 
 []


Overfull \hbox (186.49307pt too wide) in paragraph at lines 696--696
[]\T1/lmtt/m/n/10 ## |    |                  | IQR (CV) : 2606.8 (0.9)     |   
                  | : :                   |          |         |[] 
 []


Overfull \hbox (186.49307pt too wide) in paragraph at lines 696--696
[]\T1/lmtt/m/n/10 ## |    |                  |                             |   
                  | : : : : .             |          |         |[] 
 []


Overfull \hbox (186.49307pt too wide) in paragraph at lines 696--696
[]\T1/lmtt/m/n/10 ## +----+------------------+-----------------------------+---
------------------+-----------------------+----------+---------+[] 
 []


Overfull \hbox (186.49307pt too wide) in paragraph at lines 696--696
[]\T1/lmtt/m/n/10 ## | 12 | SAV_ACCT         | 1. 0                        | 60
3 (60.3%)         | IIIIIIIIIIII          | 1000     | 0       |[] 
 []


Overfull \hbox (186.49307pt too wide) in paragraph at lines 696--696
[]\T1/lmtt/m/n/10 ## |    | [factor]         | 2. 1                        | 10
3 (10.3%)         | II                    | (100.0%) | (0.0%)  |[] 
 []


Overfull \hbox (186.49307pt too wide) in paragraph at lines 696--696
[]\T1/lmtt/m/n/10 ## |    |                  | 3. 2                        |  6
3 ( 6.3%)         | I                     |          |         |[] 
 []


Overfull \hbox (186.49307pt too wide) in paragraph at lines 696--696
[]\T1/lmtt/m/n/10 ## |    |                  | 4. 3                        |  4
8 ( 4.8%)         |                       |          |         |[] 
 []


Overfull \hbox (186.49307pt too wide) in paragraph at lines 696--696
[]\T1/lmtt/m/n/10 ## |    |                  | 5. 4                        | 18
3 (18.3%)         | III                   |          |         |[] 
 []


Overfull \hbox (186.49307pt too wide) in paragraph at lines 696--696
[]\T1/lmtt/m/n/10 ## +----+------------------+-----------------------------+---
------------------+-----------------------+----------+---------+[] 
 []


Overfull \hbox (186.49307pt too wide) in paragraph at lines 696--696
[]\T1/lmtt/m/n/10 ## | 13 | EMPLOYMENT       | 1. 0                        |  6
2 ( 6.2%)         | I                     | 1000     | 0       |[] 
 []


Overfull \hbox (186.49307pt too wide) in paragraph at lines 696--696
[]\T1/lmtt/m/n/10 ## |    | [factor]         | 2. 1                        | 17
2 (17.2%)         | III                   | (100.0%) | (0.0%)  |[] 
 []


Overfull \hbox (186.49307pt too wide) in paragraph at lines 696--696
[]\T1/lmtt/m/n/10 ## |    |                  | 3. 2                        | 33
9 (33.9%)         | IIIIII                |          |         |[] 
 []


Overfull \hbox (186.49307pt too wide) in paragraph at lines 696--696
[]\T1/lmtt/m/n/10 ## |    |                  | 4. 3                        | 17
4 (17.4%)         | III                   |          |         |[] 
 []


Overfull \hbox (186.49307pt too wide) in paragraph at lines 696--696
[]\T1/lmtt/m/n/10 ## |    |                  | 5. 4                        | 25
3 (25.3%)         | IIIII                 |          |         |[] 
 []


Overfull \hbox (186.49307pt too wide) in paragraph at lines 696--696
[]\T1/lmtt/m/n/10 ## +----+------------------+-----------------------------+---
------------------+-----------------------+----------+---------+[] 
 []


Overfull \hbox (186.49307pt too wide) in paragraph at lines 696--696
[]\T1/lmtt/m/n/10 ## | 14 | INSTALL_RATE     | Mean (sd) : 3 (1.1)         | 1 
: 136 (13.6%)     | II                    | 1000     | 0       |[] 
 []


Overfull \hbox (186.49307pt too wide) in paragraph at lines 696--696
[]\T1/lmtt/m/n/10 ## |    | [numeric]        | min < med < max:            | 2 
: 231 (23.1%)     | IIII                  | (100.0%) | (0.0%)  |[] 
 []


Overfull \hbox (186.49307pt too wide) in paragraph at lines 696--696
[]\T1/lmtt/m/n/10 ## |    |                  | 1 < 3 < 4                   | 3 
: 157 (15.7%)     | III                   |          |         |[] 
 []


Overfull \hbox (186.49307pt too wide) in paragraph at lines 696--696
[]\T1/lmtt/m/n/10 ## |    |                  | IQR (CV) : 2 (0.4)          | 4 
: 476 (47.6%)     | IIIIIIIII             |          |         |[] 
 []


Overfull \hbox (186.49307pt too wide) in paragraph at lines 696--696
[]\T1/lmtt/m/n/10 ## +----+------------------+-----------------------------+---
------------------+-----------------------+----------+---------+[] 
 []


Overfull \hbox (186.49307pt too wide) in paragraph at lines 696--696
[]\T1/lmtt/m/n/10 ## | 15 | MALE_DIV         | 1. 0                        | 95
0 (95.0%)         | IIIIIIIIIIIIIIIIIII   | 1000     | 0       |[] 
 []


Overfull \hbox (186.49307pt too wide) in paragraph at lines 696--696
[]\T1/lmtt/m/n/10 ## |    | [factor]         | 2. 1                        |  5
0 ( 5.0%)         | I                     | (100.0%) | (0.0%)  |[] 
 []


Overfull \hbox (186.49307pt too wide) in paragraph at lines 696--696
[]\T1/lmtt/m/n/10 ## +----+------------------+-----------------------------+---
------------------+-----------------------+----------+---------+[] 
 []


Overfull \hbox (186.49307pt too wide) in paragraph at lines 696--696
[]\T1/lmtt/m/n/10 ## | 16 | MALE_SINGLE      | 1. 0                        | 45
2 (45.2%)         | IIIIIIIII             | 1000     | 0       |[] 
 []


Overfull \hbox (186.49307pt too wide) in paragraph at lines 696--696
[]\T1/lmtt/m/n/10 ## |    | [factor]         | 2. 1                        | 54
8 (54.8%)         | IIIIIIIIII            | (100.0%) | (0.0%)  |[] 
 []


Overfull \hbox (186.49307pt too wide) in paragraph at lines 696--696
[]\T1/lmtt/m/n/10 ## +----+------------------+-----------------------------+---
------------------+-----------------------+----------+---------+[] 
 []


Overfull \hbox (186.49307pt too wide) in paragraph at lines 696--696
[]\T1/lmtt/m/n/10 ## | 17 | MALE_MAR_or_WID  | 1. 0                        | 90
8 (90.8%)         | IIIIIIIIIIIIIIIIII    | 1000     | 0       |[] 
 []


Overfull \hbox (186.49307pt too wide) in paragraph at lines 696--696
[]\T1/lmtt/m/n/10 ## |    | [factor]         | 2. 1                        |  9
2 ( 9.2%)         | I                     | (100.0%) | (0.0%)  |[] 
 []


Overfull \hbox (186.49307pt too wide) in paragraph at lines 696--696
[]\T1/lmtt/m/n/10 ## +----+------------------+-----------------------------+---
------------------+-----------------------+----------+---------+[] 
 []


Overfull \hbox (186.49307pt too wide) in paragraph at lines 696--696
[]\T1/lmtt/m/n/10 ## | 18 | CO.APPLICANT     | 1. 0                        | 95
9 (95.9%)         | IIIIIIIIIIIIIIIIIII   | 1000     | 0       |[] 
 []


Overfull \hbox (186.49307pt too wide) in paragraph at lines 696--696
[]\T1/lmtt/m/n/10 ## |    | [factor]         | 2. 1                        |  4
1 ( 4.1%)         |                       | (100.0%) | (0.0%)  |[] 
 []


Overfull \hbox (186.49307pt too wide) in paragraph at lines 696--696
[]\T1/lmtt/m/n/10 ## +----+------------------+-----------------------------+---
------------------+-----------------------+----------+---------+[] 
 []


Overfull \hbox (186.49307pt too wide) in paragraph at lines 696--696
[]\T1/lmtt/m/n/10 ## | 19 | GUARANTOR        | 1. 0                        | 94
8 (94.8%)         | IIIIIIIIIIIIIIIIII    | 1000     | 0       |[] 
 []


Overfull \hbox (186.49307pt too wide) in paragraph at lines 696--696
[]\T1/lmtt/m/n/10 ## |    | [factor]         | 2. 1                        |  5
2 ( 5.2%)         | I                     | (100.0%) | (0.0%)  |[] 
 []


Overfull \hbox (186.49307pt too wide) in paragraph at lines 696--696
[]\T1/lmtt/m/n/10 ## +----+------------------+-----------------------------+---
------------------+-----------------------+----------+---------+[] 
 []


Overfull \hbox (186.49307pt too wide) in paragraph at lines 696--696
[]\T1/lmtt/m/n/10 ## | 20 | PRESENT_RESIDENT | 1. 1                        | 13
0 (13.0%)         | II                    | 1000     | 0       |[] 
 []


Overfull \hbox (186.49307pt too wide) in paragraph at lines 696--696
[]\T1/lmtt/m/n/10 ## |    | [factor]         | 2. 2                        | 30
8 (30.8%)         | IIIIII                | (100.0%) | (0.0%)  |[] 
 []


Overfull \hbox (186.49307pt too wide) in paragraph at lines 696--696
[]\T1/lmtt/m/n/10 ## |    |                  | 3. 3                        | 14
9 (14.9%)         | II                    |          |         |[] 
 []


Overfull \hbox (186.49307pt too wide) in paragraph at lines 696--696
[]\T1/lmtt/m/n/10 ## |    |                  | 4. 4                        | 41
3 (41.3%)         | IIIIIIII              |          |         |[] 
 []


Overfull \hbox (186.49307pt too wide) in paragraph at lines 696--696
[]\T1/lmtt/m/n/10 ## +----+------------------+-----------------------------+---
------------------+-----------------------+----------+---------+[] 
 []


Overfull \hbox (186.49307pt too wide) in paragraph at lines 696--696
[]\T1/lmtt/m/n/10 ## | 21 | REAL_ESTATE      | 1. 0                        | 71
8 (71.8%)         | IIIIIIIIIIIIII        | 1000     | 0       |[] 
 []

[13]
Overfull \hbox (186.49307pt too wide) in paragraph at lines 696--696
[]\T1/lmtt/m/n/10 ## |    | [factor]         | 2. 1                        | 28
2 (28.2%)         | IIIII                 | (100.0%) | (0.0%)  |[] 
 []


Overfull \hbox (186.49307pt too wide) in paragraph at lines 696--696
[]\T1/lmtt/m/n/10 ## +----+------------------+-----------------------------+---
------------------+-----------------------+----------+---------+[] 
 []


Overfull \hbox (186.49307pt too wide) in paragraph at lines 696--696
[]\T1/lmtt/m/n/10 ## | 22 | PROP_UNKN_NONE   | 1. 0                        | 84
6 (84.6%)         | IIIIIIIIIIIIIIII      | 1000     | 0       |[] 
 []


Overfull \hbox (186.49307pt too wide) in paragraph at lines 696--696
[]\T1/lmtt/m/n/10 ## |    | [factor]         | 2. 1                        | 15
4 (15.4%)         | III                   | (100.0%) | (0.0%)  |[] 
 []


Overfull \hbox (186.49307pt too wide) in paragraph at lines 696--696
[]\T1/lmtt/m/n/10 ## +----+------------------+-----------------------------+---
------------------+-----------------------+----------+---------+[] 
 []


Overfull \hbox (186.49307pt too wide) in paragraph at lines 696--696
[]\T1/lmtt/m/n/10 ## | 23 | AGE              | Mean (sd) : 35.5 (11.4)     | 53
 distinct values  |   :                   | 1000     | 0       |[] 
 []


Overfull \hbox (186.49307pt too wide) in paragraph at lines 696--696
[]\T1/lmtt/m/n/10 ## |    | [numeric]        | min < med < max:            |   
                  |   : .                 | (100.0%) | (0.0%)  |[] 
 []


Overfull \hbox (186.49307pt too wide) in paragraph at lines 696--696
[]\T1/lmtt/m/n/10 ## |    |                  | 19 < 33 < 75                |   
                  | : : : :               |          |         |[] 
 []


Overfull \hbox (186.49307pt too wide) in paragraph at lines 696--696
[]\T1/lmtt/m/n/10 ## |    |                  | IQR (CV) : 15 (0.3)         |   
                  | : : : : :             |          |         |[] 
 []


Overfull \hbox (186.49307pt too wide) in paragraph at lines 696--696
[]\T1/lmtt/m/n/10 ## |    |                  |                             |   
                  | : : : : : : : . .     |          |         |[] 
 []


Overfull \hbox (186.49307pt too wide) in paragraph at lines 696--696
[]\T1/lmtt/m/n/10 ## +----+------------------+-----------------------------+---
------------------+-----------------------+----------+---------+[] 
 []


Overfull \hbox (186.49307pt too wide) in paragraph at lines 696--696
[]\T1/lmtt/m/n/10 ## | 24 | OTHER_INSTALL    | 1. 0                        | 81
4 (81.4%)         | IIIIIIIIIIIIIIII      | 1000     | 0       |[] 
 []


Overfull \hbox (186.49307pt too wide) in paragraph at lines 696--696
[]\T1/lmtt/m/n/10 ## |    | [factor]         | 2. 1                        | 18
6 (18.6%)         | III                   | (100.0%) | (0.0%)  |[] 
 []


Overfull \hbox (186.49307pt too wide) in paragraph at lines 696--696
[]\T1/lmtt/m/n/10 ## +----+------------------+-----------------------------+---
------------------+-----------------------+----------+---------+[] 
 []


Overfull \hbox (186.49307pt too wide) in paragraph at lines 696--696
[]\T1/lmtt/m/n/10 ## | 25 | RENT             | 1. 0                        | 82
1 (82.1%)         | IIIIIIIIIIIIIIII      | 1000     | 0       |[] 
 []


Overfull \hbox (186.49307pt too wide) in paragraph at lines 696--696
[]\T1/lmtt/m/n/10 ## |    | [factor]         | 2. 1                        | 17
9 (17.9%)         | III                   | (100.0%) | (0.0%)  |[] 
 []


Overfull \hbox (186.49307pt too wide) in paragraph at lines 696--696
[]\T1/lmtt/m/n/10 ## +----+------------------+-----------------------------+---
------------------+-----------------------+----------+---------+[] 
 []


Overfull \hbox (186.49307pt too wide) in paragraph at lines 696--696
[]\T1/lmtt/m/n/10 ## | 26 | OWN_RES          | 1. 0                        | 28
7 (28.7%)         | IIIII                 | 1000     | 0       |[] 
 []


Overfull \hbox (186.49307pt too wide) in paragraph at lines 696--696
[]\T1/lmtt/m/n/10 ## |    | [factor]         | 2. 1                        | 71
3 (71.3%)         | IIIIIIIIIIIIII        | (100.0%) | (0.0%)  |[] 
 []


Overfull \hbox (186.49307pt too wide) in paragraph at lines 696--696
[]\T1/lmtt/m/n/10 ## +----+------------------+-----------------------------+---
------------------+-----------------------+----------+---------+[] 
 []


Overfull \hbox (186.49307pt too wide) in paragraph at lines 696--696
[]\T1/lmtt/m/n/10 ## | 27 | NUM_CREDITS      | Mean (sd) : 1.4 (0.6)       | 1 
: 633 (63.3%)     | IIIIIIIIIIII          | 1000     | 0       |[] 
 []


Overfull \hbox (186.49307pt too wide) in paragraph at lines 696--696
[]\T1/lmtt/m/n/10 ## |    | [numeric]        | min < med < max:            | 2 
: 333 (33.3%)     | IIIIII                | (100.0%) | (0.0%)  |[] 
 []


Overfull \hbox (186.49307pt too wide) in paragraph at lines 696--696
[]\T1/lmtt/m/n/10 ## |    |                  | 1 < 1 < 4                   | 3 
:  28 ( 2.8%)     |                       |          |         |[] 
 []


Overfull \hbox (186.49307pt too wide) in paragraph at lines 696--696
[]\T1/lmtt/m/n/10 ## |    |                  | IQR (CV) : 1 (0.4)          | 4 
:   6 ( 0.6%)     |                       |          |         |[] 
 []


Overfull \hbox (186.49307pt too wide) in paragraph at lines 696--696
[]\T1/lmtt/m/n/10 ## +----+------------------+-----------------------------+---
------------------+-----------------------+----------+---------+[] 
 []


Overfull \hbox (186.49307pt too wide) in paragraph at lines 696--696
[]\T1/lmtt/m/n/10 ## | 28 | JOB              | 1. 0                        |  2
2 ( 2.2%)         |                       | 1000     | 0       |[] 
 []


Overfull \hbox (186.49307pt too wide) in paragraph at lines 696--696
[]\T1/lmtt/m/n/10 ## |    | [factor]         | 2. 1                        | 20
0 (20.0%)         | IIII                  | (100.0%) | (0.0%)  |[] 
 []


Overfull \hbox (186.49307pt too wide) in paragraph at lines 696--696
[]\T1/lmtt/m/n/10 ## |    |                  | 3. 2                        | 63
0 (63.0%)         | IIIIIIIIIIII          |          |         |[] 
 []


Overfull \hbox (186.49307pt too wide) in paragraph at lines 696--696
[]\T1/lmtt/m/n/10 ## |    |                  | 4. 3                        | 14
8 (14.8%)         | II                    |          |         |[] 
 []


Overfull \hbox (186.49307pt too wide) in paragraph at lines 696--696
[]\T1/lmtt/m/n/10 ## +----+------------------+-----------------------------+---
------------------+-----------------------+----------+---------+[] 
 []


Overfull \hbox (186.49307pt too wide) in paragraph at lines 696--696
[]\T1/lmtt/m/n/10 ## | 29 | NUM_DEPENDENTS   | Min  : 1                    | 1 
: 845 (84.5%)     | IIIIIIIIIIIIIIII      | 1000     | 0       |[] 
 []


Overfull \hbox (186.49307pt too wide) in paragraph at lines 696--696
[]\T1/lmtt/m/n/10 ## |    | [numeric]        | Mean : 1.2                  | 2 
: 155 (15.5%)     | III                   | (100.0%) | (0.0%)  |[] 
 []


Overfull \hbox (186.49307pt too wide) in paragraph at lines 696--696
[]\T1/lmtt/m/n/10 ## |    |                  | Max  : 2                    |   
                  |                       |          |         |[] 
 []


Overfull \hbox (186.49307pt too wide) in paragraph at lines 696--696
[]\T1/lmtt/m/n/10 ## +----+------------------+-----------------------------+---
------------------+-----------------------+----------+---------+[] 
 []


Overfull \hbox (186.49307pt too wide) in paragraph at lines 696--696
[]\T1/lmtt/m/n/10 ## | 30 | TELEPHONE        | 1. 0                        | 59
6 (59.6%)         | IIIIIIIIIII           | 1000     | 0       |[] 
 []


Overfull \hbox (186.49307pt too wide) in paragraph at lines 696--696
[]\T1/lmtt/m/n/10 ## |    | [factor]         | 2. 1                        | 40
4 (40.4%)         | IIIIIIII              | (100.0%) | (0.0%)  |[] 
 []


Overfull \hbox (186.49307pt too wide) in paragraph at lines 696--696
[]\T1/lmtt/m/n/10 ## +----+------------------+-----------------------------+---
------------------+-----------------------+----------+---------+[] 
 []


Overfull \hbox (186.49307pt too wide) in paragraph at lines 696--696
[]\T1/lmtt/m/n/10 ## | 31 | FOREIGN          | 1. 0                        | 96
3 (96.3%)         | IIIIIIIIIIIIIIIIIII   | 1000     | 0       |[] 
 []


Overfull \hbox (186.49307pt too wide) in paragraph at lines 696--696
[]\T1/lmtt/m/n/10 ## |    | [factor]         | 2. 1                        |  3
7 ( 3.7%)         |                       | (100.0%) | (0.0%)  |[] 
 []


Overfull \hbox (186.49307pt too wide) in paragraph at lines 696--696
[]\T1/lmtt/m/n/10 ## +----+------------------+-----------------------------+---
------------------+-----------------------+----------+---------+[] 
 []


Overfull \hbox (186.49307pt too wide) in paragraph at lines 696--696
[]\T1/lmtt/m/n/10 ## | 32 | RESPONSE         | 1. 0                        | 30
0 (30.0%)         | IIIIII                | 1000     | 0       |[] 
 []


Overfull \hbox (186.49307pt too wide) in paragraph at lines 696--696
[]\T1/lmtt/m/n/10 ## |    | [factor]         | 2. 1                        | 70
0 (70.0%)         | IIIIIIIIIIIIII        | (100.0%) | (0.0%)  |[] 
 []


Overfull \hbox (186.49307pt too wide) in paragraph at lines 696--696
[]\T1/lmtt/m/n/10 ## +----+------------------+-----------------------------+---
------------------+-----------------------+----------+---------+[] 
 []

<report_files/figure-latex/unnamed-chunk-14-1.pdf, id=327, 459.7175pt x 308.151
25pt>
File: report_files/figure-latex/unnamed-chunk-14-1.pdf Graphic file (type pdf)
<use report_files/figure-latex/unnamed-chunk-14-1.pdf>
Package pdftex.def Info: report_files/figure-latex/unnamed-chunk-14-1.pdf  used
 on input line 703.
(pdftex.def)             Requested size: 459.74442pt x 308.16928pt.
[14]
<report_files/figure-latex/unnamed-chunk-15-1.pdf, id=334, 464.73625pt x 310.15
875pt>
File: report_files/figure-latex/unnamed-chunk-15-1.pdf Graphic file (type pdf)
<use report_files/figure-latex/unnamed-chunk-15-1.pdf>
Package pdftex.def Info: report_files/figure-latex/unnamed-chunk-15-1.pdf  used
 on input line 712.
(pdftex.def)             Requested size: 464.7351pt x 310.15799pt.

Overfull \hbox (195.78252pt too wide) in paragraph at lines 711--713
[]\T1/lmr/m/n/10 (-20) Correlation plot be-tween cat-e-gor-i-cal vari-ables : [
] 
 []

[15 <./report_files/figure-latex/unnamed-chunk-14-1.pdf>] [16 <./report_files/f
igure-latex/unnamed-chunk-15-1.pdf>]
<report_files/figure-latex/unnamed-chunk-20-1.pdf, id=363, 459.7175pt x 313.17p
t>
File: report_files/figure-latex/unnamed-chunk-20-1.pdf Graphic file (type pdf)
<use report_files/figure-latex/unnamed-chunk-20-1.pdf>
Package pdftex.def Info: report_files/figure-latex/unnamed-chunk-20-1.pdf  used
 on input line 785.
(pdftex.def)             Requested size: 459.7304pt x 313.17877pt.
<report_files/figure-latex/unnamed-chunk-21-1.pdf, id=364, 453.695pt x 315.1775
pt>
File: report_files/figure-latex/unnamed-chunk-21-1.pdf Graphic file (type pdf)
<use report_files/figure-latex/unnamed-chunk-21-1.pdf>
Package pdftex.def Info: report_files/figure-latex/unnamed-chunk-21-1.pdf  used
 on input line 787.
(pdftex.def)             Requested size: 453.6939pt x 315.17673pt.
[17 <./report_files/figure-latex/unnamed-chunk-20-1.pdf>]
<report_files/figure-latex/unnamed-chunk-22-1.pdf, id=376, 356.33125pt x 315.17
75pt>
File: report_files/figure-latex/unnamed-chunk-22-1.pdf Graphic file (type pdf)
<use report_files/figure-latex/unnamed-chunk-22-1.pdf>
Package pdftex.def Info: report_files/figure-latex/unnamed-chunk-22-1.pdf  used
 on input line 789.
(pdftex.def)             Requested size: 356.34666pt x 315.19115pt.
[18 <./report_files/figure-latex/unnamed-chunk-21-1.pdf> <./report_files/figure
-latex/unnamed-chunk-22-1.pdf>]
Underfull \hbox (badness 10000) in paragraph at lines 796--801

 []


Overfull \hbox (14.25479pt too wide) in paragraph at lines 801--803
[]\T1/lmr/m/n/10 (-20) The sec-ond prin-ci-pal com-po-nent PC2 is strongly pos-
i-tively cor-re-lated with \T1/lmr/bx/n/10 (-20) AGE\T1/lmr/m/n/10 (-20) , \T1/
lmr/bx/n/10 (-20) NUM_DEPENDENTS
 []

<report_files/figure-latex/unnamed-chunk-23-1.pdf, id=397, 634.37pt x 495.8525p
t>
File: report_files/figure-latex/unnamed-chunk-23-1.pdf Graphic file (type pdf)
<use report_files/figure-latex/unnamed-chunk-23-1.pdf>
Package pdftex.def Info: report_files/figure-latex/unnamed-chunk-23-1.pdf  used
 on input line 807.
(pdftex.def)             Requested size: 563.74538pt x 440.6491pt.

Overfull \hbox (93.99036pt too wide) in paragraph at lines 807--807
 [] 
 []

[19 <./report_files/figure-latex/unnamed-chunk-23-1.pdf>]
<report_files/figure-latex/unnamed-chunk-31-1.pdf, id=411, 409.53pt x 276.03125
pt>
File: report_files/figure-latex/unnamed-chunk-31-1.pdf Graphic file (type pdf)
<use report_files/figure-latex/unnamed-chunk-31-1.pdf>
Package pdftex.def Info: report_files/figure-latex/unnamed-chunk-31-1.pdf  used
 on input line 882.
(pdftex.def)             Requested size: 409.55399pt x 276.04741pt.
[20] [21 <./report_files/figure-latex/unnamed-chunk-31-1.pdf>]
<report_files/figure-latex/unnamed-chunk-33-1.pdf, id=442, 436.63126pt x 305.14
pt>
File: report_files/figure-latex/unnamed-chunk-33-1.pdf Graphic file (type pdf)
<use report_files/figure-latex/unnamed-chunk-33-1.pdf>
Package pdftex.def Info: report_files/figure-latex/unnamed-chunk-33-1.pdf  used
 on input line 940.
(pdftex.def)             Requested size: 436.63019pt x 305.13924pt.
<report_files/figure-latex/unnamed-chunk-34-1.pdf, id=443, 409.53pt x 281.05pt>

File: report_files/figure-latex/unnamed-chunk-34-1.pdf Graphic file (type pdf)
<use report_files/figure-latex/unnamed-chunk-34-1.pdf>
Package pdftex.def Info: report_files/figure-latex/unnamed-chunk-34-1.pdf  used
 on input line 955.
(pdftex.def)             Requested size: 409.55399pt x 281.06645pt.
[22 <./report_files/figure-latex/unnamed-chunk-33-1.pdf>]
<report_files/figure-latex/unnamed-chunk-36-1.pdf, id=455, 303.1325pt x 164.615
pt>
File: report_files/figure-latex/unnamed-chunk-36-1.pdf Graphic file (type pdf)
<use report_files/figure-latex/unnamed-chunk-36-1.pdf>
Package pdftex.def Info: report_files/figure-latex/unnamed-chunk-36-1.pdf  used
 on input line 985.
(pdftex.def)             Requested size: 303.13638pt x 164.6171pt.
[23 <./report_files/figure-latex/unnamed-chunk-34-1.pdf>] [24 <./report_files/f
igure-latex/unnamed-chunk-36-1.pdf>]
<report_files/figure-latex/unnamed-chunk-38-1.pdf, id=485, 445.665pt x 315.1775
pt>
File: report_files/figure-latex/unnamed-chunk-38-1.pdf Graphic file (type pdf)
<use report_files/figure-latex/unnamed-chunk-38-1.pdf>
Package pdftex.def Info: report_files/figure-latex/unnamed-chunk-38-1.pdf  used
 on input line 1058.
(pdftex.def)             Requested size: 445.6707pt x 315.18153pt.
[25 <./report_files/figure-latex/unnamed-chunk-38-1.pdf>] [26] [27]
LaTeX Font Info:    External font `lmex10' loaded for size
(Font)              <10> on input line 1247.
LaTeX Font Info:    External font `lmex10' loaded for size
(Font)              <7> on input line 1247.
LaTeX Font Info:    External font `lmex10' loaded for size
(Font)              <5> on input line 1247.

Overfull \hbox (3324.73723pt too wide) detected at line 1257
\OML/lmm/m/it/10 RESPONSE \OT1/lmr/m/n/10 = \OMS/lmsy/m/n/10 ^^@\OT1/lmr/m/n/10
 0\OML/lmm/m/it/10 :\OT1/lmr/m/n/10 6339113 + 0\OML/lmm/m/it/10 :\OT1/lmr/m/n/1
0 5970566 \OMS/lmsy/m/n/10 ^^C \OML/lmm/m/it/10 CHK[] \OT1/lmr/m/n/10 + 1\OML/l
mm/m/it/10 :\OT1/lmr/m/n/10 1123874 \OMS/lmsy/m/n/10 ^^C \OML/lmm/m/it/10 CHK[]
 \OT1/lmr/m/n/10 + 2\OML/lmm/m/it/10 :\OT1/lmr/m/n/10 4109175 \OMS/lmsy/m/n/10 
^^C \OML/lmm/m/it/10 CHK[] \OMS/lmsy/m/n/10 ^^@ \OT1/lmr/m/n/10 0\OML/lmm/m/it/
10 :\OT1/lmr/m/n/10 6393459 \OMS/lmsy/m/n/10 ^^C \OML/lmm/m/it/10 HISTORY\OT1/l
mr/m/n/10 1 + 0\OML/lmm/m/it/10 :\OT1/lmr/m/n/10 3153810 \OMS/lmsy/m/n/10 ^^C \
OML/lmm/m/it/10 HISTORY\OT1/lmr/m/n/10 2[]  + 0\OML/lmm/m/it/10 :\OT1/lmr/m/n/1
0 0245812 \OMS/lmsy/m/n/10 ^^C \OML/lmm/m/it/10 HISTORY\OT1/lmr/m/n/10 3 + 1\OM
L/lmm/m/it/10 :\OT1/lmr/m/n/10 0638624 \OMS/lmsy/m/n/10 ^^C \OML/lmm/m/it/10 HI
STORY\OT1/lmr/m/n/10 4 \OMS/lmsy/m/n/10 ^^@ \OT1/lmr/m/n/10 0\OML/lmm/m/it/10 :
\OT1/lmr/m/n/10 7159178 \OMS/lmsy/m/n/10 ^^C \OML/lmm/m/it/10 NEW[][]  \OT1/lmr
/m/n/10 + 1\OML/lmm/m/it/10 :\OT1/lmr/m/n/10 3489217 \OMS/lmsy/m/n/10 ^^C \OML/
lmm/m/it/10 USED[] \OMS/lmsy/m/n/10 ^^@ \OT1/lmr/m/n/10 0\OML/lmm/m/it/10 :\OT1
/lmr/m/n/10 8489518 \OMS/lmsy/m/n/10 ^^C \OML/lmm/m/it/10 RETRAINING\OT1/lmr/m/
n/10 1 \OMS/lmsy/m/n/10 ^^@ \OT1/lmr/m/n/10 0\OML/lmm/m/it/10 :\OT1/lmr/m/n/10 
0002631 \OMS/lmsy/m/n/10 ^^C \OML/lmm/m/it/10 AMOUNT[]  \OT1/lmr/m/n/10 + 0\OML
/lmm/m/it/10 :\OT1/lmr/m/n/10 5675624 \OMS/lmsy/m/n/10 ^^C \OML/lmm/m/it/10 SAV
[] \OMS/lmsy/m/n/10 ^^@ \OT1/lmr/m/n/10 0\OML/lmm/m/it/10 :\OT1/lmr/m/n/10 0693
577 \OMS/lmsy/m/n/10 ^^C \OML/lmm/m/it/10 SAV[] \OT1/lmr/m/n/10 + 0\OML/lmm/m/i
t/10 :\OT1/lmr/m/n/10 5603771 \OMS/lmsy/m/n/10 ^^C \OML/lmm/m/it/10 SAV[][]  \O
T1/lmr/m/n/10 + 1\OML/lmm/m/it/10 :\OT1/lmr/m/n/10 3592948 \OMS/lmsy/m/n/10 ^^C
 ^^C\OML/lmm/m/it/10 SAV[] \OT1/lmr/m/n/10 + 0\OML/lmm/m/it/10 :\OT1/lmr/m/n/10
 5542570 \OMS/lmsy/m/n/10 ^^C \OML/lmm/m/it/10 EMPLOYMENT\OT1/lmr/m/n/10 1 + 1\
OML/lmm/m/it/10 :\OT1/lmr/m/n/10 2338686 \OMS/lmsy/m/n/10 ^^C \OML/lmm/m/it/10 
EMPLOYMENT\OT1/lmr/m/n/10 2[]  + 1\OML/lmm/m/it/10 :\OT1/lmr/m/n/10 7999683 \OM
S/lmsy/m/n/10 ^^C \OML/lmm/m/it/10 EMPLOYMENT\OT1/lmr/m/n/10 3 + 1\OML/lmm/m/it
/10 :\OT1/lmr/m/n/10 5521376 \OMS/lmsy/m/n/10 ^^C \OML/lmm/m/it/10 EMPLOYMENT\O
T1/lmr/m/n/10 4 \OMS/lmsy/m/n/10 ^^@ \OT1/lmr/m/n/10 0\OML/lmm/m/it/10 :\OT1/lm
r/m/n/10 3278020 \OMS/lmsy/m/n/10 ^^C \OML/lmm/m/it/10 INSTALL[][]  \OT1/lmr/m/
n/10 + 1\OML/lmm/m/it/10 :\OT1/lmr/m/n/10 6927223 \OMS/lmsy/m/n/10 ^^C \OML/lmm
/m/it/10 GUARANTOR\OT1/lmr/m/n/10 1 \OMS/lmsy/m/n/10 ^^@ \OT1/lmr/m/n/10 1\OML/
lmm/m/it/10 :\OT1/lmr/m/n/10 1117822 \OMS/lmsy/m/n/10 ^^C \OML/lmm/m/it/10 PRES
ENT[][]  \OMS/lmsy/m/n/10 ^^@ \OT1/lmr/m/n/10 0\OML/lmm/m/it/10 :\OT1/lmr/m/n/1
0 3408387 \OMS/lmsy/m/n/10 ^^C \OML/lmm/m/it/10 PRESENT[] \OMS/lmsy/m/n/10 ^^@ 
\OT1/lmr/m/n/10 0\OML/lmm/m/it/10 :\OT1/lmr/m/n/10 7613632 \OMS/lmsy/m/n/10 ^^C
 \OML/lmm/m/it/10 PRESENT[][]  \OMS/lmsy/m/n/10 ^^@ \OT1/lmr/m/n/10 1\OML/lmm/m
/it/10 :\OT1/lmr/m/n/10 0532655 \OMS/lmsy/m/n/10 ^^C \OML/lmm/m/it/10 PROP[] \O
T1/lmr/m/n/10 + 0\OML/lmm/m/it/10 :\OT1/lmr/m/n/10 0181856 \OMS/lmsy/m/n/10 ^^C
 \OML/lmm/m/it/10 AGE \OMS/lmsy/m/n/10 ^^@ \OT1/lmr/m/n/10 0\OML/lmm/m/it/10 :\
OT1/lmr/m/n/10 6281982 \OMS/lmsy/m/n/10 ^^C \OML/lmm/m/it/10 OTHER[][]  \OMS/lm
sy/m/n/10 ^^@ \OT1/lmr/m/n/10 0\OML/lmm/m/it/10 :\OT1/lmr/m/n/10 8736712 \OMS/l
msy/m/n/10 ^^C \OML/lmm/m/it/10 RENT\OT1/lmr/m/n/10 1 + 0\OML/lmm/m/it/10 :\OT1
/lmr/m/n/10 5251823 \OMS/lmsy/m/n/10 ^^C \OML/lmm/m/it/10 TELEPHONE \OT1/lmr/m/
n/10 + 1\OML/lmm/m/it/10 :\OT1/lmr/m/n/10 2896516 \OMS/lmsy/m/n/10 ^^C \OML/lmm
/m/it/10 FOREIGN
 []

[28]
Overfull \hbox (7.99359pt too wide) in paragraph at lines 1376--1376
[]\T1/lmtt/m/n/10 ##   -> model_info        :  package stats , ver. 4.1.3 , tas
k classification (  default  )[] 
 []


Overfull \hbox (7.99359pt too wide) in paragraph at lines 1376--1376
[]\T1/lmtt/m/n/10 ##   -> predicted values  :  numerical, min =  0.007541882 , 
mean =  0.5 , max =  0.9975191[] 
 []

[29]
<report_files/figure-latex/unnamed-chunk-44-1.pdf, id=526, 439.6425pt x 313.17p
t>
File: report_files/figure-latex/unnamed-chunk-44-1.pdf Graphic file (type pdf)
<use report_files/figure-latex/unnamed-chunk-44-1.pdf>
Package pdftex.def Info: report_files/figure-latex/unnamed-chunk-44-1.pdf  used
 on input line 1385.
(pdftex.def)             Requested size: 439.65483pt x 313.17877pt.
<report_files/figure-latex/unnamed-chunk-45-1.pdf, id=527, 445.665pt x 315.1775
pt>
File: report_files/figure-latex/unnamed-chunk-45-1.pdf Graphic file (type pdf)
<use report_files/figure-latex/unnamed-chunk-45-1.pdf>
Package pdftex.def Info: report_files/figure-latex/unnamed-chunk-45-1.pdf  used
 on input line 1393.
(pdftex.def)             Requested size: 445.6707pt x 315.18153pt.
[30 <./report_files/figure-latex/unnamed-chunk-44-1.pdf>] [31 <./report_files/f
igure-latex/unnamed-chunk-45-1.pdf>] [32]
<report_files/figure-latex/unnamed-chunk-54-1.pdf, id=563, 436.63126pt x 280.04
625pt>
File: report_files/figure-latex/unnamed-chunk-54-1.pdf Graphic file (type pdf)
<use report_files/figure-latex/unnamed-chunk-54-1.pdf>
Package pdftex.def Info: report_files/figure-latex/unnamed-chunk-54-1.pdf  used
 on input line 1565.
(pdftex.def)             Requested size: 436.63019pt x 280.04555pt.
[33] [34 <./report_files/figure-latex/unnamed-chunk-54-1.pdf>] [35]
<report_files/figure-latex/unnamed-chunk-59-1.pdf, id=587, 458.71375pt x 292.09
125pt>
File: report_files/figure-latex/unnamed-chunk-59-1.pdf Graphic file (type pdf)
<use report_files/figure-latex/unnamed-chunk-59-1.pdf>
Package pdftex.def Info: report_files/figure-latex/unnamed-chunk-59-1.pdf  used
 on input line 1690.
(pdftex.def)             Requested size: 458.73363pt x 292.10388pt.
[36 <./report_files/figure-latex/unnamed-chunk-59-1.pdf>]
<report_files/figure-latex/unnamed-chunk-62-1.pdf, id=599, 436.63126pt x 292.09
125pt>
File: report_files/figure-latex/unnamed-chunk-62-1.pdf Graphic file (type pdf)
<use report_files/figure-latex/unnamed-chunk-62-1.pdf>
Package pdftex.def Info: report_files/figure-latex/unnamed-chunk-62-1.pdf  used
 on input line 1746.
(pdftex.def)             Requested size: 436.63019pt x 292.09052pt.

Underfull \hbox (badness 10000) in paragraph at lines 1746--1749
[][] \T1/lmr/m/n/10 (+20) The
 []

[37 <./report_files/figure-latex/unnamed-chunk-62-1.pdf>]
Overfull \hbox (648.49173pt too wide) in paragraph at lines 1789--1789
[]\T1/lmtt/m/n/10 ##   booster = "gbtree", eta = "0.01", max_depth = "8", gamma
 = "4", subsample = "0.75", colsample_bytree = "1", objective = "multi:softmax"
, eval_metric = "mlogloss", num_class = "2", validate_parameters = "TRUE"[] 
 []


LaTeX Warning: `!h' float specifier changed to `!ht'.

[38
pdfTeX warning (ext4): destination with the same identifier (name{table.1}) has
 been already used, duplicate ignored
<argument> ...shipout:D \box_use:N \l_shipout_box 
                                                  \__shipout_drop_firstpage_...
l.1888 \end{document}
                     ] [39
pdfTeX warning (ext4): destination with the same identifier (name{table.2}) has
 been already used, duplicate ignored
<argument> ...shipout:D \box_use:N \l_shipout_box 
                                                  \__shipout_drop_firstpage_...
l.1888 \end{document}
                     ] (./report.aux) ) 
Here is how much of TeX's memory you used:
 16059 strings out of 478268
 269450 string characters out of 5846347
 655790 words of memory out of 5000000
 33678 multiletter control sequences out of 15000+600000
 520161 words of font info for 141 fonts, out of 8000000 for 9000
 1141 hyphenation exceptions out of 8191
 74i,10n,77p,1003b,674s stack positions out of 10000i,1000n,20000p,200000b,200000s
{/usr/local/texlive/2022/texmf-dist/font
s/enc/dvips/lm/lm-mathit.enc}{/usr/local/texlive/2022/texmf-dist/fonts/enc/dvip
s/lm/lm-rm.enc}{/usr/local/texlive/2022/texmf-dist/fonts/enc/dvips/lm/lm-mathsy
.enc}{/usr/local/texlive/2022/texmf-dist/fonts/enc/dvips/lm/lm-ts1.enc}{/usr/lo
cal/texlive/2022/texmf-dist/fonts/enc/dvips/lm/lm-ec.enc}</usr/local/texlive/20
22/texmf-dist/fonts/type1/public/lm/lmbx10.pfb></usr/local/texlive/2022/texmf-d
ist/fonts/type1/public/lm/lmbx12.pfb></usr/local/texlive/2022/texmf-dist/fonts/
type1/public/lm/lmmi10.pfb></usr/local/texlive/2022/texmf-dist/fonts/type1/publ
ic/lm/lmmi5.pfb></usr/local/texlive/2022/texmf-dist/fonts/type1/public/lm/lmmi7
.pfb></usr/local/texlive/2022/texmf-dist/fonts/type1/public/lm/lmr10.pfb></usr/
local/texlive/2022/texmf-dist/fonts/type1/public/lm/lmr12.pfb></usr/local/texli
ve/2022/texmf-dist/fonts/type1/public/lm/lmr17.pfb></usr/local/texlive/2022/tex
mf-dist/fonts/type1/public/lm/lmr7.pfb></usr/local/texlive/2022/texmf-dist/font
s/type1/public/lm/lmri10.pfb></usr/local/texlive/2022/texmf-dist/fonts/type1/pu
blic/lm/lmsy10.pfb></usr/local/texlive/2022/texmf-dist/fonts/type1/public/lm/lm
tt10.pfb>
Output written on report.pdf (39 pages, 687362 bytes).
PDF statistics:
 767 PDF objects out of 1000 (max. 8388607)
 551 compressed objects within 6 object streams
 113 named destinations out of 1000 (max. 500000)
 26959 words of extra memory for PDF output out of 29859 (max. 10000000)

